2026-05-09 10:15:39,300 - aqt.main - INFO - installer 6200 aqtinstall(aqt) v3.1.21 on Python 3.11.9 [CPython MSC v.1938 64 bit (AMD64)]
2026-05-09 10:15:39,300 - aqt.helper - DEBUG - helper 6200 Attempt to download checksum at https://download.qt.io/online/qtsdkrepository/windows_x86/desktop/qt6_683/qt6_683/Updates.xml.sha256
2026-05-09 10:15:41,075 - aqt.helper - DEBUG - helper 6200 Attempt to download checksum at https://download.qt.io/online/qtsdkrepository/windows_x86/extensions/qtwebengine/683/msvc2022_64/Updates.xml.sha256
2026-05-09 10:15:42,467 - aqt.archives - INFO - archives 6200 Found extension qtwebengine
2026-05-09 10:15:42,467 - aqt.helper - DEBUG - helper 6200 Attempt to download checksum at https://download.qt.io/online/qtsdkrepository/windows_x86/extensions/qtpdf/683/msvc2022_64/Updates.xml.sha256
2026-05-09 10:15:43,896 - aqt.archives - INFO - archives 6200 Found extension qtpdf
2026-05-09 10:15:44,547 - aqt.helper - DEBUG - helper 8424 Attempt to download checksum at https://download.qt.io/online/qtsdkrepository/windows_x86/desktop/qt6_683/qt6_683/qt.qt6.683.addons.qtmultimedia.win64_msvc2022_64/6.8.3-0-202503201308qtmultimedia-Windows-Windows_11_23H2-MSVC2022-Windows-Windows_11_23H2-X86_64.7z.sha256
2026-05-09 10:15:44,553 - aqt.helper - DEBUG - helper 7368 Attempt to download checksum at https://download.qt.io/online/qtsdkrepository/windows_x86/desktop/qt6_683/qt6_683/qt.qt6.683.win64_msvc2022_64/6.8.3-0-202503201308qtbase-Windows-Windows_11_23H2-MSVC2022-Windows-Windows_11_23H2-X86_64.7z.sha256
2026-05-09 10:15:44,555 - aqt.helper - DEBUG - helper 8204 Attempt to download checksum at https://download.qt.io/online/qtsdkrepository/windows_x86/desktop/qt6_683/qt6_683/qt.qt6.683.win64_msvc2022_64/6.8.3-0-202503201308qtsvg-Windows-Windows_11_23H2-MSVC2022-Windows-Windows_11_23H2-X86_64.7z.sha256
2026-05-09 10:15:44,555 - aqt.helper - DEBUG - helper 9616 Attempt to download checksum at https://download.qt.io/online/qtsdkrepository/windows_x86/desktop/qt6_683/qt6_683/qt.qt6.683.win64_msvc2022_64/6.8.3-0-202503201308qtdeclarative-Windows-Windows_11_23H2-MSVC2022-Windows-Windows_11_23H2-X86_64.7z.sha256
2026-05-09 10:15:45,381 - aqt.helper - INFO - helper 7368 Downloading qtbase...
2026-05-09 10:15:45,381 - aqt.installer - DEBUG - installer 7368 Download URL: https://download.qt.io/online/qtsdkrepository/windows_x86/desktop/qt6_683/qt6_683/qt.qt6.683.win64_msvc2022_64/6.8.3-0-202503201308qtbase-Windows-Windows_11_23H2-MSVC2022-Windows-Windows_11_23H2-X86_64.7z
2026-05-09 10:15:45,400 - aqt.helper - INFO - helper 9616 Downloading qtdeclarative...
2026-05-09 10:15:45,400 - aqt.installer - DEBUG - installer 9616 Download URL: https://download.qt.io/online/qtsdkrepository/windows_x86/desktop/qt6_683/qt6_683/qt.qt6.683.win64_msvc2022_64/6.8.3-0-202503201308qtdeclarative-Windows-Windows_11_23H2-MSVC2022-Windows-Windows_11_23H2-X86_64.7z
2026-05-09 10:15:45,430 - aqt.helper - INFO - helper 8204 Downloading qtsvg...
2026-05-09 10:15:45,430 - aqt.installer - DEBUG - installer 8204 Download URL: https://download.qt.io/online/qtsdkrepository/windows_x86/desktop/qt6_683/qt6_683/qt.qt6.683.win64_msvc2022_64/6.8.3-0-202503201308qtsvg-Windows-Windows_11_23H2-MSVC2022-Windows-Windows_11_23H2-X86_64.7z
2026-05-09 10:15:45,437 - aqt.helper - INFO - helper 8424 Downloading qtmultimedia...
2026-05-09 10:15:45,437 - aqt.installer - DEBUG - installer 8424 Download URL: https://download.qt.io/online/qtsdkrepository/windows_x86/desktop/qt6_683/qt6_683/qt.qt6.683.addons.qtmultimedia.win64_msvc2022_64/6.8.3-0-202503201308qtmultimedia-Windows-Windows_11_23H2-MSVC2022-Windows-Windows_11_23H2-X86_64.7z
2026-05-09 10:15:46,207 - aqt.helper - DEBUG - helper 7368 Asked to redirect(302) to: https://qt.mirror.constant.com/online/qtsdkrepository/windows_x86/desktop/qt6_683/qt6_683/qt.qt6.683.win64_msvc2022_64/6.8.3-0-202503201308qtbase-Windows-Windows_11_23H2-MSVC2022-Windows-Windows_11_23H2-X86_64.7z
2026-05-09 10:15:46,207 - aqt.helper - INFO - helper 7368 Redirected: qt.mirror.constant.com
2026-05-09 10:15:46,207 - aqt.helper - DEBUG - helper 9616 Asked to redirect(302) to: https://qt.mirror.constant.com/online/qtsdkrepository/windows_x86/desktop/qt6_683/qt6_683/qt.qt6.683.win64_msvc2022_64/6.8.3-0-202503201308qtdeclarative-Windows-Windows_11_23H2-MSVC2022-Windows-Windows_11_23H2-X86_64.7z
2026-05-09 10:15:46,208 - aqt.helper - INFO - helper 9616 Redirected: qt.mirror.constant.com
2026-05-09 10:15:46,273 - aqt.helper - DEBUG - helper 8424 Asked to redirect(302) to: https://qt.mirror.constant.com/online/qtsdkrepository/windows_x86/desktop/qt6_683/qt6_683/qt.qt6.683.addons.qtmultimedia.win64_msvc2022_64/6.8.3-0-202503201308qtmultimedia-Windows-Windows_11_23H2-MSVC2022-Windows-Windows_11_23H2-X86_64.7z
2026-05-09 10:15:46,273 - aqt.helper - INFO - helper 8424 Redirected: qt.mirror.constant.com
2026-05-09 10:15:46,302 - aqt.helper - DEBUG - helper 8204 Asked to redirect(302) to: https://qt.mirror.constant.com/online/qtsdkrepository/windows_x86/desktop/qt6_683/qt6_683/qt.qt6.683.win64_msvc2022_64/6.8.3-0-202503201308qtsvg-Windows-Windows_11_23H2-MSVC2022-Windows-Windows_11_23H2-X86_64.7z
2026-05-09 10:15:46,302 - aqt.helper - INFO - helper 8204 Redirected: qt.mirror.constant.com
2026-05-09 10:15:47,093 - aqt.installer - INFO - installer 8204 Finished installation of qtsvg-Windows-Windows_11_23H2-MSVC2022-Windows-Windows_11_23H2-X86_64.7z in 2.54094290
2026-05-09 10:15:47,110 - aqt.helper - DEBUG - helper 8204 Attempt to download checksum at https://download.qt.io/online/qtsdkrepository/windows_x86/desktop/qt6_683/qt6_683/qt.qt6.683.win64_msvc2022_64/6.8.3-0-202503201308qttools-Windows-Windows_11_23H2-MSVC2022-Windows-Windows_11_23H2-X86_64.7z.sha256
2026-05-09 10:15:47,929 - aqt.helper - INFO - helper 8204 Downloading qttools...
2026-05-09 10:15:47,929 - aqt.installer - DEBUG - installer 8204 Download URL: https://download.qt.io/online/qtsdkrepository/windows_x86/desktop/qt6_683/qt6_683/qt.qt6.683.win64_msvc2022_64/6.8.3-0-202503201308qttools-Windows-Windows_11_23H2-MSVC2022-Windows-Windows_11_23H2-X86_64.7z
2026-05-09 10:15:48,739 - aqt.helper - DEBUG - helper 8204 Asked to redirect(302) to: https://qt.mirror.constant.com/online/qtsdkrepository/windows_x86/desktop/qt6_683/qt6_683/qt.qt6.683.win64_msvc2022_64/6.8.3-0-202503201308qttools-Windows-Windows_11_23H2-MSVC2022-Windows-Windows_11_23H2-X86_64.7z
2026-05-09 10:15:48,739 - aqt.helper - INFO - helper 8204 Redirected: qt.mirror.constant.com
2026-05-09 10:15:52,416 - aqt.installer - INFO - installer 8204 Finished installation of qttools-Windows-Windows_11_23H2-MSVC2022-Windows-Windows_11_23H2-X86_64.7z in 5.30774950
2026-05-09 10:15:52,438 - aqt.helper - DEBUG - helper 8204 Attempt to download checksum at https://download.qt.io/online/qtsdkrepository/windows_x86/desktop/qt6_683/qt6_683/qt.qt6.683.win64_msvc2022_64/6.8.3-0-202503201308qttranslations-Windows-Windows_11_23H2-MSVC2022-Windows-Windows_11_23H2-X86_64.7z.sha256
2026-05-09 10:15:52,606 - aqt.installer - INFO - installer 8424 Finished installation of qtmultimedia-Windows-Windows_11_23H2-MSVC2022-Windows-Windows_11_23H2-X86_64.7z in 8.06144930
2026-05-09 10:15:52,624 - aqt.helper - DEBUG - helper 8424 Attempt to download checksum at https://download.qt.io/online/qtsdkrepository/windows_x86/desktop/qt6_683/qt6_683/qt.qt6.683.win64_msvc2022_64/6.8.3-0-202503201308d3dcompiler_47-x64.7z.sha256
2026-05-09 10:15:53,212 - aqt.helper - INFO - helper 8204 Downloading qttranslations...
2026-05-09 10:15:53,212 - aqt.installer - DEBUG - installer 8204 Download URL: https://download.qt.io/online/qtsdkrepository/windows_x86/desktop/qt6_683/qt6_683/qt.qt6.683.win64_msvc2022_64/6.8.3-0-202503201308qttranslations-Windows-Windows_11_23H2-MSVC2022-Windows-Windows_11_23H2-X86_64.7z
2026-05-09 10:15:53,329 - aqt.helper - INFO - helper 8424 Downloading d3dcompiler_47...
2026-05-09 10:15:53,331 - aqt.installer - DEBUG - installer 8424 Download URL: https://download.qt.io/online/qtsdkrepository/windows_x86/desktop/qt6_683/qt6_683/qt.qt6.683.win64_msvc2022_64/6.8.3-0-202503201308d3dcompiler_47-x64.7z
2026-05-09 10:15:53,347 - aqt.installer - INFO - installer 7368 Finished installation of qtbase-Windows-Windows_11_23H2-MSVC2022-Windows-Windows_11_23H2-X86_64.7z in 8.79703220
2026-05-09 10:15:53,365 - aqt.helper - DEBUG - helper 7368 Attempt to download checksum at https://download.qt.io/online/qtsdkrepository/windows_x86/desktop/qt6_683/qt6_683/qt.qt6.683.win64_msvc2022_64/6.8.3-0-202503201308opengl32sw-64-mesa_11_2_2-signed_sha256.7z.sha256
2026-05-09 10:15:53,952 - aqt.helper - DEBUG - helper 8204 Asked to redirect(302) to: https://qt.mirror.constant.com/online/qtsdkrepository/windows_x86/desktop/qt6_683/qt6_683/qt.qt6.683.win64_msvc2022_64/6.8.3-0-202503201308qttranslations-Windows-Windows_11_23H2-MSVC2022-Windows-Windows_11_23H2-X86_64.7z
2026-05-09 10:15:53,952 - aqt.helper - INFO - helper 8204 Redirected: qt.mirror.constant.com
2026-05-09 10:15:54,170 - aqt.helper - INFO - helper 7368 Downloading opengl32sw...
2026-05-09 10:15:54,172 - aqt.helper - DEBUG - helper 8424 Asked to redirect(302) to: https://qt.mirror.constant.com/online/qtsdkrepository/windows_x86/desktop/qt6_683/qt6_683/qt.qt6.683.win64_msvc2022_64/6.8.3-0-202503201308d3dcompiler_47-x64.7z
2026-05-09 10:15:54,172 - aqt.helper - INFO - helper 8424 Redirected: qt.mirror.constant.com
2026-05-09 10:15:54,170 - aqt.installer - DEBUG - installer 7368 Download URL: https://download.qt.io/online/qtsdkrepository/windows_x86/desktop/qt6_683/qt6_683/qt.qt6.683.win64_msvc2022_64/6.8.3-0-202503201308opengl32sw-64-mesa_11_2_2-signed_sha256.7z
2026-05-09 10:15:54,834 - aqt.installer - INFO - installer 8204 Finished installation of qttranslations-Windows-Windows_11_23H2-MSVC2022-Windows-Windows_11_23H2-X86_64.7z in 2.39945130
2026-05-09 10:15:54,896 - aqt.installer - INFO - installer 8424 Finished installation of d3dcompiler_47-x64.7z in 2.27517100
2026-05-09 10:15:54,904 - aqt.helper - DEBUG - helper 7368 Asked to redirect(302) to: https://qt.mirror.constant.com/online/qtsdkrepository/windows_x86/desktop/qt6_683/qt6_683/qt.qt6.683.win64_msvc2022_64/6.8.3-0-202503201308opengl32sw-64-mesa_11_2_2-signed_sha256.7z
2026-05-09 10:15:54,904 - aqt.helper - INFO - helper 7368 Redirected: qt.mirror.constant.com
2026-05-09 10:15:55,939 - aqt.installer - INFO - installer 7368 Finished installation of opengl32sw-64-mesa_11_2_2-signed_sha256.7z in 2.57538040
2026-05-09 10:16:07,252 - aqt.installer - INFO - installer 9616 Finished installation of qtdeclarative-Windows-Windows_11_23H2-MSVC2022-Windows-Windows_11_23H2-X86_64.7z in 22.70072460
2026-05-09 10:16:07,383 - aqt.updater - INFO - updater 6200 Patching D:\a\moonlight-qt\Qt\6.8.3\msvc2022_64\bin\qmake.exe
2026-05-09 10:16:07,387 - aqt.updater - INFO - updater 6200 Patching D:\a\moonlight-qt\Qt\6.8.3\msvc2022_64\lib\Qt6Concurrent.prl
2026-05-09 10:16:07,388 - aqt.updater - INFO - updater 6200 Patching D:\a\moonlight-qt\Qt\6.8.3\msvc2022_64\lib\Qt6Concurrentd.prl
2026-05-09 10:16:07,388 - aqt.updater - INFO - updater 6200 Patching D:\a\moonlight-qt\Qt\6.8.3\msvc2022_64\lib\Qt6Core.prl
2026-05-09 10:16:07,389 - aqt.updater - INFO - updater 6200 Patching D:\a\moonlight-qt\Qt\6.8.3\msvc2022_64\lib\Qt6Cored.prl
2026-05-09 10:16:07,389 - aqt.updater - INFO - updater 6200 Patching D:\a\moonlight-qt\Qt\6.8.3\msvc2022_64\lib\Qt6DBus.prl
2026-05-09 10:16:07,390 - aqt.updater - INFO - updater 6200 Patching D:\a\moonlight-qt\Qt\6.8.3\msvc2022_64\lib\Qt6DBusd.prl
2026-05-09 10:16:07,390 - aqt.updater - INFO - updater 6200 Patching D:\a\moonlight-qt\Qt\6.8.3\msvc2022_64\lib\Qt6Designer.prl
2026-05-09 10:16:07,391 - aqt.updater - INFO - updater 6200 Patching D:\a\moonlight-qt\Qt\6.8.3\msvc2022_64\lib\Qt6DesignerComponents.prl
2026-05-09 10:16:07,391 - aqt.updater - INFO - updater 6200 Patching D:\a\moonlight-qt\Qt\6.8.3\msvc2022_64\lib\Qt6DesignerComponentsd.prl
2026-05-09 10:16:07,392 - aqt.updater - INFO - updater 6200 Patching D:\a\moonlight-qt\Qt\6.8.3\msvc2022_64\lib\Qt6Designerd.prl
2026-05-09 10:16:07,392 - aqt.updater - INFO - updater 6200 Patching D:\a\moonlight-qt\Qt\6.8.3\msvc2022_64\lib\Qt6DeviceDiscoverySupport.prl
2026-05-09 10:16:07,393 - aqt.updater - INFO - updater 6200 Patching D:\a\moonlight-qt\Qt\6.8.3\msvc2022_64\lib\Qt6DeviceDiscoverySupportd.prl
2026-05-09 10:16:07,393 - aqt.updater - INFO - updater 6200 Patching D:\a\moonlight-qt\Qt\6.8.3\msvc2022_64\lib\Qt6EntryPoint.prl
2026-05-09 10:16:07,393 - aqt.updater - INFO - updater 6200 Patching D:\a\moonlight-qt\Qt\6.8.3\msvc2022_64\lib\Qt6EntryPointd.prl
2026-05-09 10:16:07,393 - aqt.updater - INFO - updater 6200 Patching D:\a\moonlight-qt\Qt\6.8.3\msvc2022_64\lib\Qt6ExampleIcons.prl
2026-05-09 10:16:07,395 - aqt.updater - INFO - updater 6200 Patching D:\a\moonlight-qt\Qt\6.8.3\msvc2022_64\lib\Qt6ExampleIconsd.prl
2026-05-09 10:16:07,395 - aqt.updater - INFO - updater 6200 Patching D:\a\moonlight-qt\Qt\6.8.3\msvc2022_64\lib\Qt6ExamplesAssetDownloader.prl
2026-05-09 10:16:07,396 - aqt.updater - INFO - updater 6200 Patching D:\a\moonlight-qt\Qt\6.8.3\msvc2022_64\lib\Qt6ExamplesAssetDownloaderd.prl
2026-05-09 10:16:07,396 - aqt.updater - INFO - updater 6200 Patching D:\a\moonlight-qt\Qt\6.8.3\msvc2022_64\lib\Qt6FbSupport.prl
2026-05-09 10:16:07,397 - aqt.updater - INFO - updater 6200 Patching D:\a\moonlight-qt\Qt\6.8.3\msvc2022_64\lib\Qt6FbSupportd.prl
2026-05-09 10:16:07,397 - aqt.updater - INFO - updater 6200 Patching D:\a\moonlight-qt\Qt\6.8.3\msvc2022_64\lib\Qt6FFmpegMediaPluginImpl.prl
2026-05-09 10:16:07,398 - aqt.updater - INFO - updater 6200 Patching D:\a\moonlight-qt\Qt\6.8.3\msvc2022_64\lib\Qt6FFmpegMediaPluginImpld.prl
2026-05-09 10:16:07,398 - aqt.updater - INFO - updater 6200 Patching D:\a\moonlight-qt\Qt\6.8.3\msvc2022_64\lib\Qt6Gui.prl
2026-05-09 10:16:07,398 - aqt.updater - INFO - updater 6200 Patching D:\a\moonlight-qt\Qt\6.8.3\msvc2022_64\lib\Qt6Guid.prl
2026-05-09 10:16:07,399 - aqt.updater - INFO - updater 6200 Patching D:\a\moonlight-qt\Qt\6.8.3\msvc2022_64\lib\Qt6Help.prl
2026-05-09 10:16:07,399 - aqt.updater - INFO - updater 6200 Patching D:\a\moonlight-qt\Qt\6.8.3\msvc2022_64\lib\Qt6Helpd.prl
2026-05-09 10:16:07,400 - aqt.updater - INFO - updater 6200 Patching D:\a\moonlight-qt\Qt\6.8.3\msvc2022_64\lib\Qt6LabsAnimation.prl
2026-05-09 10:16:07,400 - aqt.updater - INFO - updater 6200 Patching D:\a\moonlight-qt\Qt\6.8.3\msvc2022_64\lib\Qt6LabsAnimationd.prl
2026-05-09 10:16:07,401 - aqt.updater - INFO - updater 6200 Patching D:\a\moonlight-qt\Qt\6.8.3\msvc2022_64\lib\Qt6LabsFolderListModel.prl
2026-05-09 10:16:07,401 - aqt.updater - INFO - updater 6200 Patching D:\a\moonlight-qt\Qt\6.8.3\msvc2022_64\lib\Qt6LabsFolderListModeld.prl
2026-05-09 10:16:07,402 - aqt.updater - INFO - updater 6200 Patching D:\a\moonlight-qt\Qt\6.8.3\msvc2022_64\lib\Qt6LabsPlatform.prl
2026-05-09 10:16:07,402 - aqt.updater - INFO - updater 6200 Patching D:\a\moonlight-qt\Qt\6.8.3\msvc2022_64\lib\Qt6LabsPlatformd.prl
2026-05-09 10:16:07,402 - aqt.updater - INFO - updater 6200 Patching D:\a\moonlight-qt\Qt\6.8.3\msvc2022_64\lib\Qt6LabsQmlModels.prl
2026-05-09 10:16:07,403 - aqt.updater - INFO - updater 6200 Patching D:\a\moonlight-qt\Qt\6.8.3\msvc2022_64\lib\Qt6LabsQmlModelsd.prl
2026-05-09 10:16:07,403 - aqt.updater - INFO - updater 6200 Patching D:\a\moonlight-qt\Qt\6.8.3\msvc2022_64\lib\Qt6LabsSettings.prl
2026-05-09 10:16:07,404 - aqt.updater - INFO - updater 6200 Patching D:\a\moonlight-qt\Qt\6.8.3\msvc2022_64\lib\Qt6LabsSettingsd.prl
2026-05-09 10:16:07,404 - aqt.updater - INFO - updater 6200 Patching D:\a\moonlight-qt\Qt\6.8.3\msvc2022_64\lib\Qt6LabsSharedImage.prl
2026-05-09 10:16:07,405 - aqt.updater - INFO - updater 6200 Patching D:\a\moonlight-qt\Qt\6.8.3\msvc2022_64\lib\Qt6LabsSharedImaged.prl
2026-05-09 10:16:07,405 - aqt.updater - INFO - updater 6200 Patching D:\a\moonlight-qt\Qt\6.8.3\msvc2022_64\lib\Qt6LabsWavefrontMesh.prl
2026-05-09 10:16:07,406 - aqt.updater - INFO - updater 6200 Patching D:\a\moonlight-qt\Qt\6.8.3\msvc2022_64\lib\Qt6LabsWavefrontMeshd.prl
2026-05-09 10:16:07,406 - aqt.updater - INFO - updater 6200 Patching D:\a\moonlight-qt\Qt\6.8.3\msvc2022_64\lib\Qt6Multimedia.prl
2026-05-09 10:16:07,406 - aqt.updater - INFO - updater 6200 Patching D:\a\moonlight-qt\Qt\6.8.3\msvc2022_64\lib\Qt6Multimediad.prl
2026-05-09 10:16:07,407 - aqt.updater - INFO - updater 6200 Patching D:\a\moonlight-qt\Qt\6.8.3\msvc2022_64\lib\Qt6MultimediaQuick.prl
2026-05-09 10:16:07,407 - aqt.updater - INFO - updater 6200 Patching D:\a\moonlight-qt\Qt\6.8.3\msvc2022_64\lib\Qt6MultimediaQuickd.prl
2026-05-09 10:16:07,408 - aqt.updater - INFO - updater 6200 Patching D:\a\moonlight-qt\Qt\6.8.3\msvc2022_64\lib\Qt6MultimediaTestLib.prl
2026-05-09 10:16:07,408 - aqt.updater - INFO - updater 6200 Patching D:\a\moonlight-qt\Qt\6.8.3\msvc2022_64\lib\Qt6MultimediaTestLibd.prl
2026-05-09 10:16:07,409 - aqt.updater - INFO - updater 6200 Patching D:\a\moonlight-qt\Qt\6.8.3\msvc2022_64\lib\Qt6MultimediaWidgets.prl
2026-05-09 10:16:07,409 - aqt.updater - INFO - updater 6200 Patching D:\a\moonlight-qt\Qt\6.8.3\msvc2022_64\lib\Qt6MultimediaWidgetsd.prl
2026-05-09 10:16:07,409 - aqt.updater - INFO - updater 6200 Patching D:\a\moonlight-qt\Qt\6.8.3\msvc2022_64\lib\Qt6Network.prl
2026-05-09 10:16:07,409 - aqt.updater - INFO - updater 6200 Patching D:\a\moonlight-qt\Qt\6.8.3\msvc2022_64\lib\Qt6Networkd.prl
2026-05-09 10:16:07,411 - aqt.updater - INFO - updater 6200 Patching D:\a\moonlight-qt\Qt\6.8.3\msvc2022_64\lib\Qt6OpenGL.prl
2026-05-09 10:16:07,411 - aqt.updater - INFO - updater 6200 Patching D:\a\moonlight-qt\Qt\6.8.3\msvc2022_64\lib\Qt6OpenGLd.prl
2026-05-09 10:16:07,411 - aqt.updater - INFO - updater 6200 Patching D:\a\moonlight-qt\Qt\6.8.3\msvc2022_64\lib\Qt6OpenGLWidgets.prl
2026-05-09 10:16:07,411 - aqt.updater - INFO - updater 6200 Patching D:\a\moonlight-qt\Qt\6.8.3\msvc2022_64\lib\Qt6OpenGLWidgetsd.prl
2026-05-09 10:16:07,413 - aqt.updater - INFO - updater 6200 Patching D:\a\moonlight-qt\Qt\6.8.3\msvc2022_64\lib\Qt6PacketProtocol.prl
2026-05-09 10:16:07,413 - aqt.updater - INFO - updater 6200 Patching D:\a\moonlight-qt\Qt\6.8.3\msvc2022_64\lib\Qt6PacketProtocold.prl
2026-05-09 10:16:07,413 - aqt.updater - INFO - updater 6200 Patching D:\a\moonlight-qt\Qt\6.8.3\msvc2022_64\lib\Qt6PrintSupport.prl
2026-05-09 10:16:07,413 - aqt.updater - INFO - updater 6200 Patching D:\a\moonlight-qt\Qt\6.8.3\msvc2022_64\lib\Qt6PrintSupportd.prl
2026-05-09 10:16:07,413 - aqt.updater - INFO - updater 6200 Patching D:\a\moonlight-qt\Qt\6.8.3\msvc2022_64\lib\Qt6Qml.prl
2026-05-09 10:16:07,415 - aqt.updater - INFO - updater 6200 Patching D:\a\moonlight-qt\Qt\6.8.3\msvc2022_64\lib\Qt6QmlAssetDownloader.prl
2026-05-09 10:16:07,415 - aqt.updater - INFO - updater 6200 Patching D:\a\moonlight-qt\Qt\6.8.3\msvc2022_64\lib\Qt6QmlAssetDownloaderd.prl
2026-05-09 10:16:07,415 - aqt.updater - INFO - updater 6200 Patching D:\a\moonlight-qt\Qt\6.8.3\msvc2022_64\lib\Qt6QmlCompiler.prl
2026-05-09 10:16:07,415 - aqt.updater - INFO - updater 6200 Patching D:\a\moonlight-qt\Qt\6.8.3\msvc2022_64\lib\Qt6QmlCompilerd.prl
2026-05-09 10:16:07,417 - aqt.updater - INFO - updater 6200 Patching D:\a\moonlight-qt\Qt\6.8.3\msvc2022_64\lib\Qt6QmlCore.prl
2026-05-09 10:16:07,417 - aqt.updater - INFO - updater 6200 Patching D:\a\moonlight-qt\Qt\6.8.3\msvc2022_64\lib\Qt6QmlCored.prl
2026-05-09 10:16:07,417 - aqt.updater - INFO - updater 6200 Patching D:\a\moonlight-qt\Qt\6.8.3\msvc2022_64\lib\Qt6Qmld.prl
2026-05-09 10:16:07,417 - aqt.updater - INFO - updater 6200 Patching D:\a\moonlight-qt\Qt\6.8.3\msvc2022_64\lib\Qt6QmlDebug.prl
2026-05-09 10:16:07,417 - aqt.updater - INFO - updater 6200 Patching D:\a\moonlight-qt\Qt\6.8.3\msvc2022_64\lib\Qt6QmlDebugd.prl
2026-05-09 10:16:07,419 - aqt.updater - INFO - updater 6200 Patching D:\a\moonlight-qt\Qt\6.8.3\msvc2022_64\lib\Qt6QmlDom.prl
2026-05-09 10:16:07,419 - aqt.updater - INFO - updater 6200 Patching D:\a\moonlight-qt\Qt\6.8.3\msvc2022_64\lib\Qt6QmlDomd.prl
2026-05-09 10:16:07,419 - aqt.updater - INFO - updater 6200 Patching D:\a\moonlight-qt\Qt\6.8.3\msvc2022_64\lib\Qt6QmlLocalStorage.prl
2026-05-09 10:16:07,419 - aqt.updater - INFO - updater 6200 Patching D:\a\moonlight-qt\Qt\6.8.3\msvc2022_64\lib\Qt6QmlLocalStoraged.prl
2026-05-09 10:16:07,421 - aqt.updater - INFO - updater 6200 Patching D:\a\moonlight-qt\Qt\6.8.3\msvc2022_64\lib\Qt6QmlLS.prl
2026-05-09 10:16:07,421 - aqt.updater - INFO - updater 6200 Patching D:\a\moonlight-qt\Qt\6.8.3\msvc2022_64\lib\Qt6QmlLSd.prl
2026-05-09 10:16:07,421 - aqt.updater - INFO - updater 6200 Patching D:\a\moonlight-qt\Qt\6.8.3\msvc2022_64\lib\Qt6QmlMeta.prl
2026-05-09 10:16:07,421 - aqt.updater - INFO - updater 6200 Patching D:\a\moonlight-qt\Qt\6.8.3\msvc2022_64\lib\Qt6QmlMetad.prl
2026-05-09 10:16:07,421 - aqt.updater - INFO - updater 6200 Patching D:\a\moonlight-qt\Qt\6.8.3\msvc2022_64\lib\Qt6QmlModels.prl
2026-05-09 10:16:07,423 - aqt.updater - INFO - updater 6200 Patching D:\a\moonlight-qt\Qt\6.8.3\msvc2022_64\lib\Qt6QmlModelsd.prl
2026-05-09 10:16:07,423 - aqt.updater - INFO - updater 6200 Patching D:\a\moonlight-qt\Qt\6.8.3\msvc2022_64\lib\Qt6QmlNetwork.prl
2026-05-09 10:16:07,423 - aqt.updater - INFO - updater 6200 Patching D:\a\moonlight-qt\Qt\6.8.3\msvc2022_64\lib\Qt6QmlNetworkd.prl
2026-05-09 10:16:07,423 - aqt.updater - INFO - updater 6200 Patching D:\a\moonlight-qt\Qt\6.8.3\msvc2022_64\lib\Qt6QmlToolingSettings.prl
2026-05-09 10:16:07,425 - aqt.updater - INFO - updater 6200 Patching D:\a\moonlight-qt\Qt\6.8.3\msvc2022_64\lib\Qt6QmlToolingSettingsd.prl
2026-05-09 10:16:07,425 - aqt.updater - INFO - updater 6200 Patching D:\a\moonlight-qt\Qt\6.8.3\msvc2022_64\lib\Qt6QmlTypeRegistrar.prl
2026-05-09 10:16:07,425 - aqt.updater - INFO - updater 6200 Patching D:\a\moonlight-qt\Qt\6.8.3\msvc2022_64\lib\Qt6QmlTypeRegistrard.prl
2026-05-09 10:16:07,425 - aqt.updater - INFO - updater 6200 Patching D:\a\moonlight-qt\Qt\6.8.3\msvc2022_64\lib\Qt6QmlWorkerScript.prl
2026-05-09 10:16:07,427 - aqt.updater - INFO - updater 6200 Patching D:\a\moonlight-qt\Qt\6.8.3\msvc2022_64\lib\Qt6QmlWorkerScriptd.prl
2026-05-09 10:16:07,427 - aqt.updater - INFO - updater 6200 Patching D:\a\moonlight-qt\Qt\6.8.3\msvc2022_64\lib\Qt6QmlXmlListModel.prl
2026-05-09 10:16:07,427 - aqt.updater - INFO - updater 6200 Patching D:\a\moonlight-qt\Qt\6.8.3\msvc2022_64\lib\Qt6QmlXmlListModeld.prl
2026-05-09 10:16:07,427 - aqt.updater - INFO - updater 6200 Patching D:\a\moonlight-qt\Qt\6.8.3\msvc2022_64\lib\Qt6Quick.prl
2026-05-09 10:16:07,427 - aqt.updater - INFO - updater 6200 Patching D:\a\moonlight-qt\Qt\6.8.3\msvc2022_64\lib\Qt6Quick3DSpatialAudio.prl
2026-05-09 10:16:07,429 - aqt.updater - INFO - updater 6200 Patching D:\a\moonlight-qt\Qt\6.8.3\msvc2022_64\lib\Qt6Quick3DSpatialAudiod.prl
2026-05-09 10:16:07,429 - aqt.updater - INFO - updater 6200 Patching D:\a\moonlight-qt\Qt\6.8.3\msvc2022_64\lib\Qt6QuickControls2.prl
2026-05-09 10:16:07,429 - aqt.updater - INFO - updater 6200 Patching D:\a\moonlight-qt\Qt\6.8.3\msvc2022_64\lib\Qt6QuickControls2Basic.prl
2026-05-09 10:16:07,429 - aqt.updater - INFO - updater 6200 Patching D:\a\moonlight-qt\Qt\6.8.3\msvc2022_64\lib\Qt6QuickControls2Basicd.prl
2026-05-09 10:16:07,431 - aqt.updater - INFO - updater 6200 Patching D:\a\moonlight-qt\Qt\6.8.3\msvc2022_64\lib\Qt6QuickControls2BasicStyleImpl.prl
2026-05-09 10:16:07,431 - aqt.updater - INFO - updater 6200 Patching D:\a\moonlight-qt\Qt\6.8.3\msvc2022_64\lib\Qt6QuickControls2BasicStyleImpld.prl
2026-05-09 10:16:07,431 - aqt.updater - INFO - updater 6200 Patching D:\a\moonlight-qt\Qt\6.8.3\msvc2022_64\lib\Qt6QuickControls2d.prl
2026-05-09 10:16:07,431 - aqt.updater - INFO - updater 6200 Patching D:\a\moonlight-qt\Qt\6.8.3\msvc2022_64\lib\Qt6QuickControls2FluentWinUI3StyleImpl.prl
2026-05-09 10:16:07,431 - aqt.updater - INFO - updater 6200 Patching D:\a\moonlight-qt\Qt\6.8.3\msvc2022_64\lib\Qt6QuickControls2FluentWinUI3StyleImpld.prl
2026-05-09 10:16:07,433 - aqt.updater - INFO - updater 6200 Patching D:\a\moonlight-qt\Qt\6.8.3\msvc2022_64\lib\Qt6QuickControls2Fusion.prl
2026-05-09 10:16:07,433 - aqt.updater - INFO - updater 6200 Patching D:\a\moonlight-qt\Qt\6.8.3\msvc2022_64\lib\Qt6QuickControls2Fusiond.prl
2026-05-09 10:16:07,434 - aqt.updater - INFO - updater 6200 Patching D:\a\moonlight-qt\Qt\6.8.3\msvc2022_64\lib\Qt6QuickControls2FusionStyleImpl.prl
2026-05-09 10:16:07,434 - aqt.updater - INFO - updater 6200 Patching D:\a\moonlight-qt\Qt\6.8.3\msvc2022_64\lib\Qt6QuickControls2FusionStyleImpld.prl
2026-05-09 10:16:07,435 - aqt.updater - INFO - updater 6200 Patching D:\a\moonlight-qt\Qt\6.8.3\msvc2022_64\lib\Qt6QuickControls2Imagine.prl
2026-05-09 10:16:07,435 - aqt.updater - INFO - updater 6200 Patching D:\a\moonlight-qt\Qt\6.8.3\msvc2022_64\lib\Qt6QuickControls2Imagined.prl
2026-05-09 10:16:07,436 - aqt.updater - INFO - updater 6200 Patching D:\a\moonlight-qt\Qt\6.8.3\msvc2022_64\lib\Qt6QuickControls2ImagineStyleImpl.prl
2026-05-09 10:16:07,436 - aqt.updater - INFO - updater 6200 Patching D:\a\moonlight-qt\Qt\6.8.3\msvc2022_64\lib\Qt6QuickControls2ImagineStyleImpld.prl
2026-05-09 10:16:07,436 - aqt.updater - INFO - updater 6200 Patching D:\a\moonlight-qt\Qt\6.8.3\msvc2022_64\lib\Qt6QuickControls2Impl.prl
2026-05-09 10:16:07,437 - aqt.updater - INFO - updater 6200 Patching D:\a\moonlight-qt\Qt\6.8.3\msvc2022_64\lib\Qt6QuickControls2Impld.prl
2026-05-09 10:16:07,437 - aqt.updater - INFO - updater 6200 Patching D:\a\moonlight-qt\Qt\6.8.3\msvc2022_64\lib\Qt6QuickControls2Material.prl
2026-05-09 10:16:07,438 - aqt.updater - INFO - updater 6200 Patching D:\a\moonlight-qt\Qt\6.8.3\msvc2022_64\lib\Qt6QuickControls2Materiald.prl
2026-05-09 10:16:07,438 - aqt.updater - INFO - updater 6200 Patching D:\a\moonlight-qt\Qt\6.8.3\msvc2022_64\lib\Qt6QuickControls2MaterialStyleImpl.prl
2026-05-09 10:16:07,438 - aqt.updater - INFO - updater 6200 Patching D:\a\moonlight-qt\Qt\6.8.3\msvc2022_64\lib\Qt6QuickControls2MaterialStyleImpld.prl
2026-05-09 10:16:07,439 - aqt.updater - INFO - updater 6200 Patching D:\a\moonlight-qt\Qt\6.8.3\msvc2022_64\lib\Qt6QuickControls2Universal.prl
2026-05-09 10:16:07,439 - aqt.updater - INFO - updater 6200 Patching D:\a\moonlight-qt\Qt\6.8.3\msvc2022_64\lib\Qt6QuickControls2Universald.prl
2026-05-09 10:16:07,440 - aqt.updater - INFO - updater 6200 Patching D:\a\moonlight-qt\Qt\6.8.3\msvc2022_64\lib\Qt6QuickControls2UniversalStyleImpl.prl
2026-05-09 10:16:07,440 - aqt.updater - INFO - updater 6200 Patching D:\a\moonlight-qt\Qt\6.8.3\msvc2022_64\lib\Qt6QuickControls2UniversalStyleImpld.prl
2026-05-09 10:16:07,441 - aqt.updater - INFO - updater 6200 Patching D:\a\moonlight-qt\Qt\6.8.3\msvc2022_64\lib\Qt6QuickControls2WindowsStyleImpl.prl
2026-05-09 10:16:07,441 - aqt.updater - INFO - updater 6200 Patching D:\a\moonlight-qt\Qt\6.8.3\msvc2022_64\lib\Qt6QuickControls2WindowsStyleImpld.prl
2026-05-09 10:16:07,442 - aqt.updater - INFO - updater 6200 Patching D:\a\moonlight-qt\Qt\6.8.3\msvc2022_64\lib\Qt6QuickControlsTestUtils.prl
2026-05-09 10:16:07,442 - aqt.updater - INFO - updater 6200 Patching D:\a\moonlight-qt\Qt\6.8.3\msvc2022_64\lib\Qt6QuickControlsTestUtilsd.prl
2026-05-09 10:16:07,442 - aqt.updater - INFO - updater 6200 Patching D:\a\moonlight-qt\Qt\6.8.3\msvc2022_64\lib\Qt6Quickd.prl
2026-05-09 10:16:07,443 - aqt.updater - INFO - updater 6200 Patching D:\a\moonlight-qt\Qt\6.8.3\msvc2022_64\lib\Qt6QuickDialogs2.prl
2026-05-09 10:16:07,443 - aqt.updater - INFO - updater 6200 Patching D:\a\moonlight-qt\Qt\6.8.3\msvc2022_64\lib\Qt6QuickDialogs2d.prl
2026-05-09 10:16:07,444 - aqt.updater - INFO - updater 6200 Patching D:\a\moonlight-qt\Qt\6.8.3\msvc2022_64\lib\Qt6QuickDialogs2QuickImpl.prl
2026-05-09 10:16:07,444 - aqt.updater - INFO - updater 6200 Patching D:\a\moonlight-qt\Qt\6.8.3\msvc2022_64\lib\Qt6QuickDialogs2QuickImpld.prl
2026-05-09 10:16:07,444 - aqt.updater - INFO - updater 6200 Patching D:\a\moonlight-qt\Qt\6.8.3\msvc2022_64\lib\Qt6QuickDialogs2Utils.prl
2026-05-09 10:16:07,445 - aqt.updater - INFO - updater 6200 Patching D:\a\moonlight-qt\Qt\6.8.3\msvc2022_64\lib\Qt6QuickDialogs2Utilsd.prl
2026-05-09 10:16:07,446 - aqt.updater - INFO - updater 6200 Patching D:\a\moonlight-qt\Qt\6.8.3\msvc2022_64\lib\Qt6QuickEffects.prl
2026-05-09 10:16:07,446 - aqt.updater - INFO - updater 6200 Patching D:\a\moonlight-qt\Qt\6.8.3\msvc2022_64\lib\Qt6QuickEffectsd.prl
2026-05-09 10:16:07,446 - aqt.updater - INFO - updater 6200 Patching D:\a\moonlight-qt\Qt\6.8.3\msvc2022_64\lib\Qt6QuickLayouts.prl
2026-05-09 10:16:07,447 - aqt.updater - INFO - updater 6200 Patching D:\a\moonlight-qt\Qt\6.8.3\msvc2022_64\lib\Qt6QuickLayoutsd.prl
2026-05-09 10:16:07,447 - aqt.updater - INFO - updater 6200 Patching D:\a\moonlight-qt\Qt\6.8.3\msvc2022_64\lib\Qt6QuickParticles.prl
2026-05-09 10:16:07,448 - aqt.updater - INFO - updater 6200 Patching D:\a\moonlight-qt\Qt\6.8.3\msvc2022_64\lib\Qt6QuickParticlesd.prl
2026-05-09 10:16:07,448 - aqt.updater - INFO - updater 6200 Patching D:\a\moonlight-qt\Qt\6.8.3\msvc2022_64\lib\Qt6QuickShapes.prl
2026-05-09 10:16:07,448 - aqt.updater - INFO - updater 6200 Patching D:\a\moonlight-qt\Qt\6.8.3\msvc2022_64\lib\Qt6QuickShapesd.prl
2026-05-09 10:16:07,449 - aqt.updater - INFO - updater 6200 Patching D:\a\moonlight-qt\Qt\6.8.3\msvc2022_64\lib\Qt6QuickTemplates2.prl
2026-05-09 10:16:07,450 - aqt.updater - INFO - updater 6200 Patching D:\a\moonlight-qt\Qt\6.8.3\msvc2022_64\lib\Qt6QuickTemplates2d.prl
2026-05-09 10:16:07,450 - aqt.updater - INFO - updater 6200 Patching D:\a\moonlight-qt\Qt\6.8.3\msvc2022_64\lib\Qt6QuickTest.prl
2026-05-09 10:16:07,450 - aqt.updater - INFO - updater 6200 Patching D:\a\moonlight-qt\Qt\6.8.3\msvc2022_64\lib\Qt6QuickTestd.prl
2026-05-09 10:16:07,451 - aqt.updater - INFO - updater 6200 Patching D:\a\moonlight-qt\Qt\6.8.3\msvc2022_64\lib\Qt6QuickTestUtils.prl
2026-05-09 10:16:07,451 - aqt.updater - INFO - updater 6200 Patching D:\a\moonlight-qt\Qt\6.8.3\msvc2022_64\lib\Qt6QuickTestUtilsd.prl
2026-05-09 10:16:07,452 - aqt.updater - INFO - updater 6200 Patching D:\a\moonlight-qt\Qt\6.8.3\msvc2022_64\lib\Qt6QuickVectorImage.prl
2026-05-09 10:16:07,452 - aqt.updater - INFO - updater 6200 Patching D:\a\moonlight-qt\Qt\6.8.3\msvc2022_64\lib\Qt6QuickVectorImaged.prl
2026-05-09 10:16:07,452 - aqt.updater - INFO - updater 6200 Patching D:\a\moonlight-qt\Qt\6.8.3\msvc2022_64\lib\Qt6QuickVectorImageGenerator.prl
2026-05-09 10:16:07,453 - aqt.updater - INFO - updater 6200 Patching D:\a\moonlight-qt\Qt\6.8.3\msvc2022_64\lib\Qt6QuickVectorImageGeneratord.prl
2026-05-09 10:16:07,454 - aqt.updater - INFO - updater 6200 Patching D:\a\moonlight-qt\Qt\6.8.3\msvc2022_64\lib\Qt6QuickWidgets.prl
2026-05-09 10:16:07,454 - aqt.updater - INFO - updater 6200 Patching D:\a\moonlight-qt\Qt\6.8.3\msvc2022_64\lib\Qt6QuickWidgetsd.prl
2026-05-09 10:16:07,454 - aqt.updater - INFO - updater 6200 Patching D:\a\moonlight-qt\Qt\6.8.3\msvc2022_64\lib\Qt6SpatialAudio.prl
2026-05-09 10:16:07,455 - aqt.updater - INFO - updater 6200 Patching D:\a\moonlight-qt\Qt\6.8.3\msvc2022_64\lib\Qt6SpatialAudiod.prl
2026-05-09 10:16:07,455 - aqt.updater - INFO - updater 6200 Patching D:\a\moonlight-qt\Qt\6.8.3\msvc2022_64\lib\Qt6Sql.prl
2026-05-09 10:16:07,456 - aqt.updater - INFO - updater 6200 Patching D:\a\moonlight-qt\Qt\6.8.3\msvc2022_64\lib\Qt6Sqld.prl
2026-05-09 10:16:07,456 - aqt.updater - INFO - updater 6200 Patching D:\a\moonlight-qt\Qt\6.8.3\msvc2022_64\lib\Qt6Svg.prl
2026-05-09 10:16:07,456 - aqt.updater - INFO - updater 6200 Patching D:\a\moonlight-qt\Qt\6.8.3\msvc2022_64\lib\Qt6Svgd.prl
2026-05-09 10:16:07,456 - aqt.updater - INFO - updater 6200 Patching D:\a\moonlight-qt\Qt\6.8.3\msvc2022_64\lib\Qt6SvgWidgets.prl
2026-05-09 10:16:07,458 - aqt.updater - INFO - updater 6200 Patching D:\a\moonlight-qt\Qt\6.8.3\msvc2022_64\lib\Qt6SvgWidgetsd.prl
2026-05-09 10:16:07,458 - aqt.updater - INFO - updater 6200 Patching D:\a\moonlight-qt\Qt\6.8.3\msvc2022_64\lib\Qt6Test.prl
2026-05-09 10:16:07,458 - aqt.updater - INFO - updater 6200 Patching D:\a\moonlight-qt\Qt\6.8.3\msvc2022_64\lib\Qt6Testd.prl
2026-05-09 10:16:07,458 - aqt.updater - INFO - updater 6200 Patching D:\a\moonlight-qt\Qt\6.8.3\msvc2022_64\lib\Qt6UiTools.prl
2026-05-09 10:16:07,460 - aqt.updater - INFO - updater 6200 Patching D:\a\moonlight-qt\Qt\6.8.3\msvc2022_64\lib\Qt6UiToolsd.prl
2026-05-09 10:16:07,460 - aqt.updater - INFO - updater 6200 Patching D:\a\moonlight-qt\Qt\6.8.3\msvc2022_64\lib\Qt6Widgets.prl
2026-05-09 10:16:07,460 - aqt.updater - INFO - updater 6200 Patching D:\a\moonlight-qt\Qt\6.8.3\msvc2022_64\lib\Qt6Widgetsd.prl
2026-05-09 10:16:07,460 - aqt.updater - INFO - updater 6200 Patching D:\a\moonlight-qt\Qt\6.8.3\msvc2022_64\lib\Qt6Xml.prl
2026-05-09 10:16:07,460 - aqt.updater - INFO - updater 6200 Patching D:\a\moonlight-qt\Qt\6.8.3\msvc2022_64\lib\Qt6Xmld.prl
2026-05-09 10:16:07,462 - aqt.main - INFO - installer 6200 Finished installation
2026-05-09 10:16:07,462 - aqt.main - INFO - installer 6200 Time elapsed: 28.16178680 second
2026-05-12 08:06:50,850 - aqt.main - INFO - installer 8604 aqtinstall(aqt) v3.1.21 on Python 3.11.9 [CPython MSC v.1938 64 bit (AMD64)]
2026-05-12 08:06:50,850 - aqt.helper - DEBUG - helper 8604 Attempt to download checksum at https://download.qt.io/online/qtsdkrepository/windows_x86/desktop/qt6_683/qt6_683/Updates.xml.sha256
2026-05-12 08:06:52,823 - aqt.helper - DEBUG - helper 8604 Attempt to download checksum at https://download.qt.io/online/qtsdkrepository/windows_x86/extensions/qtwebengine/683/msvc2022_64/Updates.xml.sha256
2026-05-12 08:06:54,576 - aqt.archives - INFO - archives 8604 Found extension qtwebengine
2026-05-12 08:06:54,576 - aqt.helper - DEBUG - helper 8604 Attempt to download checksum at https://download.qt.io/online/qtsdkrepository/windows_x86/extensions/qtpdf/683/msvc2022_64/Updates.xml.sha256
2026-05-12 08:06:56,376 - aqt.archives - INFO - archives 8604 Found extension qtpdf
2026-05-12 08:06:57,155 - aqt.helper - DEBUG - helper 6240 Attempt to download checksum at https://download.qt.io/online/qtsdkrepository/windows_x86/desktop/qt6_683/qt6_683/qt.qt6.683.addons.qtmultimedia.win64_msvc2022_64/6.8.3-0-202503201308qtmultimedia-Windows-Windows_11_23H2-MSVC2022-Windows-Windows_11_23H2-X86_64.7z.sha256
2026-05-12 08:06:57,155 - aqt.helper - DEBUG - helper 9904 Attempt to download checksum at https://download.qt.io/online/qtsdkrepository/windows_x86/desktop/qt6_683/qt6_683/qt.qt6.683.win64_msvc2022_64/6.8.3-0-202503201308qtbase-Windows-Windows_11_23H2-MSVC2022-Windows-Windows_11_23H2-X86_64.7z.sha256
2026-05-12 08:06:57,162 - aqt.helper - DEBUG - helper 5496 Attempt to download checksum at https://download.qt.io/online/qtsdkrepository/windows_x86/desktop/qt6_683/qt6_683/qt.qt6.683.win64_msvc2022_64/6.8.3-0-202503201308qtsvg-Windows-Windows_11_23H2-MSVC2022-Windows-Windows_11_23H2-X86_64.7z.sha256
2026-05-12 08:06:57,173 - aqt.helper - DEBUG - helper 3776 Attempt to download checksum at https://download.qt.io/online/qtsdkrepository/windows_x86/desktop/qt6_683/qt6_683/qt.qt6.683.win64_msvc2022_64/6.8.3-0-202503201308qtdeclarative-Windows-Windows_11_23H2-MSVC2022-Windows-Windows_11_23H2-X86_64.7z.sha256
2026-05-12 08:06:58,197 - aqt.helper - INFO - helper 3776 Downloading qtdeclarative...
2026-05-12 08:06:58,197 - aqt.installer - DEBUG - installer 3776 Download URL: https://download.qt.io/online/qtsdkrepository/windows_x86/desktop/qt6_683/qt6_683/qt.qt6.683.win64_msvc2022_64/6.8.3-0-202503201308qtdeclarative-Windows-Windows_11_23H2-MSVC2022-Windows-Windows_11_23H2-X86_64.7z
2026-05-12 08:06:58,205 - aqt.helper - INFO - helper 5496 Downloading qtsvg...
2026-05-12 08:06:58,205 - aqt.installer - DEBUG - installer 5496 Download URL: https://download.qt.io/online/qtsdkrepository/windows_x86/desktop/qt6_683/qt6_683/qt.qt6.683.win64_msvc2022_64/6.8.3-0-202503201308qtsvg-Windows-Windows_11_23H2-MSVC2022-Windows-Windows_11_23H2-X86_64.7z
2026-05-12 08:06:58,237 - aqt.helper - INFO - helper 9904 Downloading qtbase...
2026-05-12 08:06:58,237 - aqt.installer - DEBUG - installer 9904 Download URL: https://download.qt.io/online/qtsdkrepository/windows_x86/desktop/qt6_683/qt6_683/qt.qt6.683.win64_msvc2022_64/6.8.3-0-202503201308qtbase-Windows-Windows_11_23H2-MSVC2022-Windows-Windows_11_23H2-X86_64.7z
2026-05-12 08:06:58,249 - aqt.helper - INFO - helper 6240 Downloading qtmultimedia...
2026-05-12 08:06:58,251 - aqt.installer - DEBUG - installer 6240 Download URL: https://download.qt.io/online/qtsdkrepository/windows_x86/desktop/qt6_683/qt6_683/qt.qt6.683.addons.qtmultimedia.win64_msvc2022_64/6.8.3-0-202503201308qtmultimedia-Windows-Windows_11_23H2-MSVC2022-Windows-Windows_11_23H2-X86_64.7z
2026-05-12 08:06:59,217 - aqt.helper - DEBUG - helper 3776 Asked to redirect(302) to: https://ftp.fau.de/qtproject/online/qtsdkrepository/windows_x86/desktop/qt6_683/qt6_683/qt.qt6.683.win64_msvc2022_64/6.8.3-0-202503201308qtdeclarative-Windows-Windows_11_23H2-MSVC2022-Windows-Windows_11_23H2-X86_64.7z
2026-05-12 08:06:59,217 - aqt.helper - INFO - helper 3776 Redirected: ftp.fau.de
2026-05-12 08:06:59,220 - aqt.helper - DEBUG - helper 5496 Asked to redirect(302) to: https://ftp.fau.de/qtproject/online/qtsdkrepository/windows_x86/desktop/qt6_683/qt6_683/qt.qt6.683.win64_msvc2022_64/6.8.3-0-202503201308qtsvg-Windows-Windows_11_23H2-MSVC2022-Windows-Windows_11_23H2-X86_64.7z
2026-05-12 08:06:59,220 - aqt.helper - INFO - helper 5496 Redirected: ftp.fau.de
2026-05-12 08:06:59,251 - aqt.helper - DEBUG - helper 9904 Asked to redirect(302) to: https://ftp.fau.de/qtproject/online/qtsdkrepository/windows_x86/desktop/qt6_683/qt6_683/qt.qt6.683.win64_msvc2022_64/6.8.3-0-202503201308qtbase-Windows-Windows_11_23H2-MSVC2022-Windows-Windows_11_23H2-X86_64.7z
2026-05-12 08:06:59,251 - aqt.helper - INFO - helper 9904 Redirected: ftp.fau.de
2026-05-12 08:06:59,276 - aqt.helper - DEBUG - helper 6240 Asked to redirect(302) to: https://ftp.fau.de/qtproject/online/qtsdkrepository/windows_x86/desktop/qt6_683/qt6_683/qt.qt6.683.addons.qtmultimedia.win64_msvc2022_64/6.8.3-0-202503201308qtmultimedia-Windows-Windows_11_23H2-MSVC2022-Windows-Windows_11_23H2-X86_64.7z
2026-05-12 08:06:59,276 - aqt.helper - INFO - helper 6240 Redirected: ftp.fau.de
2026-05-12 08:07:00,817 - aqt.installer - INFO - installer 5496 Finished installation of qtsvg-Windows-Windows_11_23H2-MSVC2022-Windows-Windows_11_23H2-X86_64.7z in 3.65834150
2026-05-12 08:07:00,828 - aqt.helper - DEBUG - helper 5496 Attempt to download checksum at https://download.qt.io/online/qtsdkrepository/windows_x86/desktop/qt6_683/qt6_683/qt.qt6.683.win64_msvc2022_64/6.8.3-0-202503201308qttools-Windows-Windows_11_23H2-MSVC2022-Windows-Windows_11_23H2-X86_64.7z.sha256
2026-05-12 08:07:01,703 - aqt.helper - INFO - helper 5496 Downloading qttools...
2026-05-12 08:07:01,703 - aqt.installer - DEBUG - installer 5496 Download URL: https://download.qt.io/online/qtsdkrepository/windows_x86/desktop/qt6_683/qt6_683/qt.qt6.683.win64_msvc2022_64/6.8.3-0-202503201308qttools-Windows-Windows_11_23H2-MSVC2022-Windows-Windows_11_23H2-X86_64.7z
2026-05-12 08:07:02,612 - aqt.helper - DEBUG - helper 5496 Asked to redirect(302) to: https://ftp.fau.de/qtproject/online/qtsdkrepository/windows_x86/desktop/qt6_683/qt6_683/qt.qt6.683.win64_msvc2022_64/6.8.3-0-202503201308qttools-Windows-Windows_11_23H2-MSVC2022-Windows-Windows_11_23H2-X86_64.7z
2026-05-12 08:07:02,612 - aqt.helper - INFO - helper 5496 Redirected: ftp.fau.de
2026-05-12 08:07:07,301 - aqt.installer - INFO - installer 6240 Finished installation of qtmultimedia-Windows-Windows_11_23H2-MSVC2022-Windows-Windows_11_23H2-X86_64.7z in 10.14930710
2026-05-12 08:07:07,318 - aqt.helper - DEBUG - helper 6240 Attempt to download checksum at https://download.qt.io/online/qtsdkrepository/windows_x86/desktop/qt6_683/qt6_683/qt.qt6.683.win64_msvc2022_64/6.8.3-0-202503201308qttranslations-Windows-Windows_11_23H2-MSVC2022-Windows-Windows_11_23H2-X86_64.7z.sha256
2026-05-12 08:07:07,926 - aqt.installer - INFO - installer 5496 Finished installation of qttools-Windows-Windows_11_23H2-MSVC2022-Windows-Windows_11_23H2-X86_64.7z in 7.10002580
2026-05-12 08:07:07,941 - aqt.helper - DEBUG - helper 5496 Attempt to download checksum at https://download.qt.io/online/qtsdkrepository/windows_x86/desktop/qt6_683/qt6_683/qt.qt6.683.win64_msvc2022_64/6.8.3-0-202503201308d3dcompiler_47-x64.7z.sha256
2026-05-12 08:07:08,319 - aqt.installer - INFO - installer 9904 Finished installation of qtbase-Windows-Windows_11_23H2-MSVC2022-Windows-Windows_11_23H2-X86_64.7z in 11.16709930
2026-05-12 08:07:08,337 - aqt.helper - DEBUG - helper 9904 Attempt to download checksum at https://download.qt.io/online/qtsdkrepository/windows_x86/desktop/qt6_683/qt6_683/qt.qt6.683.win64_msvc2022_64/6.8.3-0-202503201308opengl32sw-64-mesa_11_2_2-signed_sha256.7z.sha256
2026-05-12 08:07:08,353 - aqt.helper - INFO - helper 6240 Downloading qttranslations...
2026-05-12 08:07:08,353 - aqt.installer - DEBUG - installer 6240 Download URL: https://download.qt.io/online/qtsdkrepository/windows_x86/desktop/qt6_683/qt6_683/qt.qt6.683.win64_msvc2022_64/6.8.3-0-202503201308qttranslations-Windows-Windows_11_23H2-MSVC2022-Windows-Windows_11_23H2-X86_64.7z
2026-05-12 08:07:08,940 - aqt.helper - INFO - helper 5496 Downloading d3dcompiler_47...
2026-05-12 08:07:08,940 - aqt.installer - DEBUG - installer 5496 Download URL: https://download.qt.io/online/qtsdkrepository/windows_x86/desktop/qt6_683/qt6_683/qt.qt6.683.win64_msvc2022_64/6.8.3-0-202503201308d3dcompiler_47-x64.7z
2026-05-12 08:07:09,288 - aqt.helper - DEBUG - helper 6240 Asked to redirect(302) to: https://ftp.fau.de/qtproject/online/qtsdkrepository/windows_x86/desktop/qt6_683/qt6_683/qt.qt6.683.win64_msvc2022_64/6.8.3-0-202503201308qttranslations-Windows-Windows_11_23H2-MSVC2022-Windows-Windows_11_23H2-X86_64.7z
2026-05-12 08:07:09,288 - aqt.helper - INFO - helper 6240 Redirected: ftp.fau.de
2026-05-12 08:07:09,359 - aqt.helper - INFO - helper 9904 Downloading opengl32sw...
2026-05-12 08:07:09,359 - aqt.installer - DEBUG - installer 9904 Download URL: https://download.qt.io/online/qtsdkrepository/windows_x86/desktop/qt6_683/qt6_683/qt.qt6.683.win64_msvc2022_64/6.8.3-0-202503201308opengl32sw-64-mesa_11_2_2-signed_sha256.7z
2026-05-12 08:07:09,892 - aqt.helper - DEBUG - helper 5496 Asked to redirect(302) to: https://ftp.fau.de/qtproject/online/qtsdkrepository/windows_x86/desktop/qt6_683/qt6_683/qt.qt6.683.win64_msvc2022_64/6.8.3-0-202503201308d3dcompiler_47-x64.7z
2026-05-12 08:07:09,892 - aqt.helper - INFO - helper 5496 Redirected: ftp.fau.de
2026-05-12 08:07:10,323 - aqt.helper - DEBUG - helper 9904 Asked to redirect(302) to: https://ftp.fau.de/qtproject/online/qtsdkrepository/windows_x86/desktop/qt6_683/qt6_683/qt.qt6.683.win64_msvc2022_64/6.8.3-0-202503201308opengl32sw-64-mesa_11_2_2-signed_sha256.7z
2026-05-12 08:07:10,323 - aqt.helper - INFO - helper 9904 Redirected: ftp.fau.de
2026-05-12 08:07:11,145 - aqt.installer - INFO - installer 6240 Finished installation of qttranslations-Windows-Windows_11_23H2-MSVC2022-Windows-Windows_11_23H2-X86_64.7z in 3.82811800
2026-05-12 08:07:11,536 - aqt.installer - INFO - installer 5496 Finished installation of d3dcompiler_47-x64.7z in 3.59661970
2026-05-12 08:07:12,628 - aqt.installer - INFO - installer 9904 Finished installation of opengl32sw-64-mesa_11_2_2-signed_sha256.7z in 4.29326650
2026-05-12 08:07:25,621 - aqt.installer - INFO - installer 3776 Finished installation of qtdeclarative-Windows-Windows_11_23H2-MSVC2022-Windows-Windows_11_23H2-X86_64.7z in 28.45167880
2026-05-12 08:07:25,740 - aqt.updater - INFO - updater 8604 Patching D:\a\moonlight-qt\Qt\6.8.3\msvc2022_64\bin\qmake.exe
2026-05-12 08:07:25,746 - aqt.updater - INFO - updater 8604 Patching D:\a\moonlight-qt\Qt\6.8.3\msvc2022_64\lib\Qt6Concurrent.prl
2026-05-12 08:07:25,746 - aqt.updater - INFO - updater 8604 Patching D:\a\moonlight-qt\Qt\6.8.3\msvc2022_64\lib\Qt6Concurrentd.prl
2026-05-12 08:07:25,746 - aqt.updater - INFO - updater 8604 Patching D:\a\moonlight-qt\Qt\6.8.3\msvc2022_64\lib\Qt6Core.prl
2026-05-12 08:07:25,746 - aqt.updater - INFO - updater 8604 Patching D:\a\moonlight-qt\Qt\6.8.3\msvc2022_64\lib\Qt6Cored.prl
2026-05-12 08:07:25,748 - aqt.updater - INFO - updater 8604 Patching D:\a\moonlight-qt\Qt\6.8.3\msvc2022_64\lib\Qt6DBus.prl
2026-05-12 08:07:25,748 - aqt.updater - INFO - updater 8604 Patching D:\a\moonlight-qt\Qt\6.8.3\msvc2022_64\lib\Qt6DBusd.prl
2026-05-12 08:07:25,748 - aqt.updater - INFO - updater 8604 Patching D:\a\moonlight-qt\Qt\6.8.3\msvc2022_64\lib\Qt6Designer.prl
2026-05-12 08:07:25,748 - aqt.updater - INFO - updater 8604 Patching D:\a\moonlight-qt\Qt\6.8.3\msvc2022_64\lib\Qt6DesignerComponents.prl
2026-05-12 08:07:25,750 - aqt.updater - INFO - updater 8604 Patching D:\a\moonlight-qt\Qt\6.8.3\msvc2022_64\lib\Qt6DesignerComponentsd.prl
2026-05-12 08:07:25,750 - aqt.updater - INFO - updater 8604 Patching D:\a\moonlight-qt\Qt\6.8.3\msvc2022_64\lib\Qt6Designerd.prl
2026-05-12 08:07:25,750 - aqt.updater - INFO - updater 8604 Patching D:\a\moonlight-qt\Qt\6.8.3\msvc2022_64\lib\Qt6DeviceDiscoverySupport.prl
2026-05-12 08:07:25,750 - aqt.updater - INFO - updater 8604 Patching D:\a\moonlight-qt\Qt\6.8.3\msvc2022_64\lib\Qt6DeviceDiscoverySupportd.prl
2026-05-12 08:07:25,752 - aqt.updater - INFO - updater 8604 Patching D:\a\moonlight-qt\Qt\6.8.3\msvc2022_64\lib\Qt6EntryPoint.prl
2026-05-12 08:07:25,752 - aqt.updater - INFO - updater 8604 Patching D:\a\moonlight-qt\Qt\6.8.3\msvc2022_64\lib\Qt6EntryPointd.prl
2026-05-12 08:07:25,752 - aqt.updater - INFO - updater 8604 Patching D:\a\moonlight-qt\Qt\6.8.3\msvc2022_64\lib\Qt6ExampleIcons.prl
2026-05-12 08:07:25,752 - aqt.updater - INFO - updater 8604 Patching D:\a\moonlight-qt\Qt\6.8.3\msvc2022_64\lib\Qt6ExampleIconsd.prl
2026-05-12 08:07:25,754 - aqt.updater - INFO - updater 8604 Patching D:\a\moonlight-qt\Qt\6.8.3\msvc2022_64\lib\Qt6ExamplesAssetDownloader.prl
2026-05-12 08:07:25,754 - aqt.updater - INFO - updater 8604 Patching D:\a\moonlight-qt\Qt\6.8.3\msvc2022_64\lib\Qt6ExamplesAssetDownloaderd.prl
2026-05-12 08:07:25,754 - aqt.updater - INFO - updater 8604 Patching D:\a\moonlight-qt\Qt\6.8.3\msvc2022_64\lib\Qt6FbSupport.prl
2026-05-12 08:07:25,754 - aqt.updater - INFO - updater 8604 Patching D:\a\moonlight-qt\Qt\6.8.3\msvc2022_64\lib\Qt6FbSupportd.prl
2026-05-12 08:07:25,756 - aqt.updater - INFO - updater 8604 Patching D:\a\moonlight-qt\Qt\6.8.3\msvc2022_64\lib\Qt6FFmpegMediaPluginImpl.prl
2026-05-12 08:07:25,756 - aqt.updater - INFO - updater 8604 Patching D:\a\moonlight-qt\Qt\6.8.3\msvc2022_64\lib\Qt6FFmpegMediaPluginImpld.prl
2026-05-12 08:07:25,756 - aqt.updater - INFO - updater 8604 Patching D:\a\moonlight-qt\Qt\6.8.3\msvc2022_64\lib\Qt6Gui.prl
2026-05-12 08:07:25,756 - aqt.updater - INFO - updater 8604 Patching D:\a\moonlight-qt\Qt\6.8.3\msvc2022_64\lib\Qt6Guid.prl
2026-05-12 08:07:25,758 - aqt.updater - INFO - updater 8604 Patching D:\a\moonlight-qt\Qt\6.8.3\msvc2022_64\lib\Qt6Help.prl
2026-05-12 08:07:25,758 - aqt.updater - INFO - updater 8604 Patching D:\a\moonlight-qt\Qt\6.8.3\msvc2022_64\lib\Qt6Helpd.prl
2026-05-12 08:07:25,758 - aqt.updater - INFO - updater 8604 Patching D:\a\moonlight-qt\Qt\6.8.3\msvc2022_64\lib\Qt6LabsAnimation.prl
2026-05-12 08:07:25,758 - aqt.updater - INFO - updater 8604 Patching D:\a\moonlight-qt\Qt\6.8.3\msvc2022_64\lib\Qt6LabsAnimationd.prl
2026-05-12 08:07:25,760 - aqt.updater - INFO - updater 8604 Patching D:\a\moonlight-qt\Qt\6.8.3\msvc2022_64\lib\Qt6LabsFolderListModel.prl
2026-05-12 08:07:25,760 - aqt.updater - INFO - updater 8604 Patching D:\a\moonlight-qt\Qt\6.8.3\msvc2022_64\lib\Qt6LabsFolderListModeld.prl
2026-05-12 08:07:25,760 - aqt.updater - INFO - updater 8604 Patching D:\a\moonlight-qt\Qt\6.8.3\msvc2022_64\lib\Qt6LabsPlatform.prl
2026-05-12 08:07:25,760 - aqt.updater - INFO - updater 8604 Patching D:\a\moonlight-qt\Qt\6.8.3\msvc2022_64\lib\Qt6LabsPlatformd.prl
2026-05-12 08:07:25,762 - aqt.updater - INFO - updater 8604 Patching D:\a\moonlight-qt\Qt\6.8.3\msvc2022_64\lib\Qt6LabsQmlModels.prl
2026-05-12 08:07:25,762 - aqt.updater - INFO - updater 8604 Patching D:\a\moonlight-qt\Qt\6.8.3\msvc2022_64\lib\Qt6LabsQmlModelsd.prl
2026-05-12 08:07:25,762 - aqt.updater - INFO - updater 8604 Patching D:\a\moonlight-qt\Qt\6.8.3\msvc2022_64\lib\Qt6LabsSettings.prl
2026-05-12 08:07:25,762 - aqt.updater - INFO - updater 8604 Patching D:\a\moonlight-qt\Qt\6.8.3\msvc2022_64\lib\Qt6LabsSettingsd.prl
2026-05-12 08:07:25,764 - aqt.updater - INFO - updater 8604 Patching D:\a\moonlight-qt\Qt\6.8.3\msvc2022_64\lib\Qt6LabsSharedImage.prl
2026-05-12 08:07:25,764 - aqt.updater - INFO - updater 8604 Patching D:\a\moonlight-qt\Qt\6.8.3\msvc2022_64\lib\Qt6LabsSharedImaged.prl
2026-05-12 08:07:25,764 - aqt.updater - INFO - updater 8604 Patching D:\a\moonlight-qt\Qt\6.8.3\msvc2022_64\lib\Qt6LabsWavefrontMesh.prl
2026-05-12 08:07:25,766 - aqt.updater - INFO - updater 8604 Patching D:\a\moonlight-qt\Qt\6.8.3\msvc2022_64\lib\Qt6LabsWavefrontMeshd.prl
2026-05-12 08:07:25,766 - aqt.updater - INFO - updater 8604 Patching D:\a\moonlight-qt\Qt\6.8.3\msvc2022_64\lib\Qt6Multimedia.prl
2026-05-12 08:07:25,766 - aqt.updater - INFO - updater 8604 Patching D:\a\moonlight-qt\Qt\6.8.3\msvc2022_64\lib\Qt6Multimediad.prl
2026-05-12 08:07:25,766 - aqt.updater - INFO - updater 8604 Patching D:\a\moonlight-qt\Qt\6.8.3\msvc2022_64\lib\Qt6MultimediaQuick.prl
2026-05-12 08:07:25,768 - aqt.updater - INFO - updater 8604 Patching D:\a\moonlight-qt\Qt\6.8.3\msvc2022_64\lib\Qt6MultimediaQuickd.prl
2026-05-12 08:07:25,768 - aqt.updater - INFO - updater 8604 Patching D:\a\moonlight-qt\Qt\6.8.3\msvc2022_64\lib\Qt6MultimediaTestLib.prl
2026-05-12 08:07:25,768 - aqt.updater - INFO - updater 8604 Patching D:\a\moonlight-qt\Qt\6.8.3\msvc2022_64\lib\Qt6MultimediaTestLibd.prl
2026-05-12 08:07:25,768 - aqt.updater - INFO - updater 8604 Patching D:\a\moonlight-qt\Qt\6.8.3\msvc2022_64\lib\Qt6MultimediaWidgets.prl
2026-05-12 08:07:25,770 - aqt.updater - INFO - updater 8604 Patching D:\a\moonlight-qt\Qt\6.8.3\msvc2022_64\lib\Qt6MultimediaWidgetsd.prl
2026-05-12 08:07:25,770 - aqt.updater - INFO - updater 8604 Patching D:\a\moonlight-qt\Qt\6.8.3\msvc2022_64\lib\Qt6Network.prl
2026-05-12 08:07:25,770 - aqt.updater - INFO - updater 8604 Patching D:\a\moonlight-qt\Qt\6.8.3\msvc2022_64\lib\Qt6Networkd.prl
2026-05-12 08:07:25,770 - aqt.updater - INFO - updater 8604 Patching D:\a\moonlight-qt\Qt\6.8.3\msvc2022_64\lib\Qt6OpenGL.prl
2026-05-12 08:07:25,772 - aqt.updater - INFO - updater 8604 Patching D:\a\moonlight-qt\Qt\6.8.3\msvc2022_64\lib\Qt6OpenGLd.prl
2026-05-12 08:07:25,772 - aqt.updater - INFO - updater 8604 Patching D:\a\moonlight-qt\Qt\6.8.3\msvc2022_64\lib\Qt6OpenGLWidgets.prl
2026-05-12 08:07:25,772 - aqt.updater - INFO - updater 8604 Patching D:\a\moonlight-qt\Qt\6.8.3\msvc2022_64\lib\Qt6OpenGLWidgetsd.prl
2026-05-12 08:07:25,772 - aqt.updater - INFO - updater 8604 Patching D:\a\moonlight-qt\Qt\6.8.3\msvc2022_64\lib\Qt6PacketProtocol.prl
2026-05-12 08:07:25,774 - aqt.updater - INFO - updater 8604 Patching D:\a\moonlight-qt\Qt\6.8.3\msvc2022_64\lib\Qt6PacketProtocold.prl
2026-05-12 08:07:25,774 - aqt.updater - INFO - updater 8604 Patching D:\a\moonlight-qt\Qt\6.8.3\msvc2022_64\lib\Qt6PrintSupport.prl
2026-05-12 08:07:25,774 - aqt.updater - INFO - updater 8604 Patching D:\a\moonlight-qt\Qt\6.8.3\msvc2022_64\lib\Qt6PrintSupportd.prl
2026-05-12 08:07:25,774 - aqt.updater - INFO - updater 8604 Patching D:\a\moonlight-qt\Qt\6.8.3\msvc2022_64\lib\Qt6Qml.prl
2026-05-12 08:07:25,776 - aqt.updater - INFO - updater 8604 Patching D:\a\moonlight-qt\Qt\6.8.3\msvc2022_64\lib\Qt6QmlAssetDownloader.prl
2026-05-12 08:07:25,776 - aqt.updater - INFO - updater 8604 Patching D:\a\moonlight-qt\Qt\6.8.3\msvc2022_64\lib\Qt6QmlAssetDownloaderd.prl
2026-05-12 08:07:25,776 - aqt.updater - INFO - updater 8604 Patching D:\a\moonlight-qt\Qt\6.8.3\msvc2022_64\lib\Qt6QmlCompiler.prl
2026-05-12 08:07:25,776 - aqt.updater - INFO - updater 8604 Patching D:\a\moonlight-qt\Qt\6.8.3\msvc2022_64\lib\Qt6QmlCompilerd.prl
2026-05-12 08:07:25,778 - aqt.updater - INFO - updater 8604 Patching D:\a\moonlight-qt\Qt\6.8.3\msvc2022_64\lib\Qt6QmlCore.prl
2026-05-12 08:07:25,778 - aqt.updater - INFO - updater 8604 Patching D:\a\moonlight-qt\Qt\6.8.3\msvc2022_64\lib\Qt6QmlCored.prl
2026-05-12 08:07:25,779 - aqt.updater - INFO - updater 8604 Patching D:\a\moonlight-qt\Qt\6.8.3\msvc2022_64\lib\Qt6Qmld.prl
2026-05-12 08:07:25,779 - aqt.updater - INFO - updater 8604 Patching D:\a\moonlight-qt\Qt\6.8.3\msvc2022_64\lib\Qt6QmlDebug.prl
2026-05-12 08:07:25,780 - aqt.updater - INFO - updater 8604 Patching D:\a\moonlight-qt\Qt\6.8.3\msvc2022_64\lib\Qt6QmlDebugd.prl
2026-05-12 08:07:25,780 - aqt.updater - INFO - updater 8604 Patching D:\a\moonlight-qt\Qt\6.8.3\msvc2022_64\lib\Qt6QmlDom.prl
2026-05-12 08:07:25,781 - aqt.updater - INFO - updater 8604 Patching D:\a\moonlight-qt\Qt\6.8.3\msvc2022_64\lib\Qt6QmlDomd.prl
2026-05-12 08:07:25,781 - aqt.updater - INFO - updater 8604 Patching D:\a\moonlight-qt\Qt\6.8.3\msvc2022_64\lib\Qt6QmlLocalStorage.prl
2026-05-12 08:07:25,782 - aqt.updater - INFO - updater 8604 Patching D:\a\moonlight-qt\Qt\6.8.3\msvc2022_64\lib\Qt6QmlLocalStoraged.prl
2026-05-12 08:07:25,782 - aqt.updater - INFO - updater 8604 Patching D:\a\moonlight-qt\Qt\6.8.3\msvc2022_64\lib\Qt6QmlLS.prl
2026-05-12 08:07:25,782 - aqt.updater - INFO - updater 8604 Patching D:\a\moonlight-qt\Qt\6.8.3\msvc2022_64\lib\Qt6QmlLSd.prl
2026-05-12 08:07:25,784 - aqt.updater - INFO - updater 8604 Patching D:\a\moonlight-qt\Qt\6.8.3\msvc2022_64\lib\Qt6QmlMeta.prl
2026-05-12 08:07:25,784 - aqt.updater - INFO - updater 8604 Patching D:\a\moonlight-qt\Qt\6.8.3\msvc2022_64\lib\Qt6QmlMetad.prl
2026-05-12 08:07:25,784 - aqt.updater - INFO - updater 8604 Patching D:\a\moonlight-qt\Qt\6.8.3\msvc2022_64\lib\Qt6QmlModels.prl
2026-05-12 08:07:25,784 - aqt.updater - INFO - updater 8604 Patching D:\a\moonlight-qt\Qt\6.8.3\msvc2022_64\lib\Qt6QmlModelsd.prl
2026-05-12 08:07:25,786 - aqt.updater - INFO - updater 8604 Patching D:\a\moonlight-qt\Qt\6.8.3\msvc2022_64\lib\Qt6QmlNetwork.prl
2026-05-12 08:07:25,786 - aqt.updater - INFO - updater 8604 Patching D:\a\moonlight-qt\Qt\6.8.3\msvc2022_64\lib\Qt6QmlNetworkd.prl
2026-05-12 08:07:25,786 - aqt.updater - INFO - updater 8604 Patching D:\a\moonlight-qt\Qt\6.8.3\msvc2022_64\lib\Qt6QmlToolingSettings.prl
2026-05-12 08:07:25,786 - aqt.updater - INFO - updater 8604 Patching D:\a\moonlight-qt\Qt\6.8.3\msvc2022_64\lib\Qt6QmlToolingSettingsd.prl
2026-05-12 08:07:25,788 - aqt.updater - INFO - updater 8604 Patching D:\a\moonlight-qt\Qt\6.8.3\msvc2022_64\lib\Qt6QmlTypeRegistrar.prl
2026-05-12 08:07:25,788 - aqt.updater - INFO - updater 8604 Patching D:\a\moonlight-qt\Qt\6.8.3\msvc2022_64\lib\Qt6QmlTypeRegistrard.prl
2026-05-12 08:07:25,788 - aqt.updater - INFO - updater 8604 Patching D:\a\moonlight-qt\Qt\6.8.3\msvc2022_64\lib\Qt6QmlWorkerScript.prl
2026-05-12 08:07:25,788 - aqt.updater - INFO - updater 8604 Patching D:\a\moonlight-qt\Qt\6.8.3\msvc2022_64\lib\Qt6QmlWorkerScriptd.prl
2026-05-12 08:07:25,790 - aqt.updater - INFO - updater 8604 Patching D:\a\moonlight-qt\Qt\6.8.3\msvc2022_64\lib\Qt6QmlXmlListModel.prl
2026-05-12 08:07:25,790 - aqt.updater - INFO - updater 8604 Patching D:\a\moonlight-qt\Qt\6.8.3\msvc2022_64\lib\Qt6QmlXmlListModeld.prl
2026-05-12 08:07:25,790 - aqt.updater - INFO - updater 8604 Patching D:\a\moonlight-qt\Qt\6.8.3\msvc2022_64\lib\Qt6Quick.prl
2026-05-12 08:07:25,790 - aqt.updater - INFO - updater 8604 Patching D:\a\moonlight-qt\Qt\6.8.3\msvc2022_64\lib\Qt6Quick3DSpatialAudio.prl
2026-05-12 08:07:25,792 - aqt.updater - INFO - updater 8604 Patching D:\a\moonlight-qt\Qt\6.8.3\msvc2022_64\lib\Qt6Quick3DSpatialAudiod.prl
2026-05-12 08:07:25,792 - aqt.updater - INFO - updater 8604 Patching D:\a\moonlight-qt\Qt\6.8.3\msvc2022_64\lib\Qt6QuickControls2.prl
2026-05-12 08:07:25,792 - aqt.updater - INFO - updater 8604 Patching D:\a\moonlight-qt\Qt\6.8.3\msvc2022_64\lib\Qt6QuickControls2Basic.prl
2026-05-12 08:07:25,792 - aqt.updater - INFO - updater 8604 Patching D:\a\moonlight-qt\Qt\6.8.3\msvc2022_64\lib\Qt6QuickControls2Basicd.prl
2026-05-12 08:07:25,794 - aqt.updater - INFO - updater 8604 Patching D:\a\moonlight-qt\Qt\6.8.3\msvc2022_64\lib\Qt6QuickControls2BasicStyleImpl.prl
2026-05-12 08:07:25,794 - aqt.updater - INFO - updater 8604 Patching D:\a\moonlight-qt\Qt\6.8.3\msvc2022_64\lib\Qt6QuickControls2BasicStyleImpld.prl
2026-05-12 08:07:25,794 - aqt.updater - INFO - updater 8604 Patching D:\a\moonlight-qt\Qt\6.8.3\msvc2022_64\lib\Qt6QuickControls2d.prl
2026-05-12 08:07:25,794 - aqt.updater - INFO - updater 8604 Patching D:\a\moonlight-qt\Qt\6.8.3\msvc2022_64\lib\Qt6QuickControls2FluentWinUI3StyleImpl.prl
2026-05-12 08:07:25,796 - aqt.updater - INFO - updater 8604 Patching D:\a\moonlight-qt\Qt\6.8.3\msvc2022_64\lib\Qt6QuickControls2FluentWinUI3StyleImpld.prl
2026-05-12 08:07:25,796 - aqt.updater - INFO - updater 8604 Patching D:\a\moonlight-qt\Qt\6.8.3\msvc2022_64\lib\Qt6QuickControls2Fusion.prl
2026-05-12 08:07:25,796 - aqt.updater - INFO - updater 8604 Patching D:\a\moonlight-qt\Qt\6.8.3\msvc2022_64\lib\Qt6QuickControls2Fusiond.prl
2026-05-12 08:07:25,796 - aqt.updater - INFO - updater 8604 Patching D:\a\moonlight-qt\Qt\6.8.3\msvc2022_64\lib\Qt6QuickControls2FusionStyleImpl.prl
2026-05-12 08:07:25,798 - aqt.updater - INFO - updater 8604 Patching D:\a\moonlight-qt\Qt\6.8.3\msvc2022_64\lib\Qt6QuickControls2FusionStyleImpld.prl
2026-05-12 08:07:25,798 - aqt.updater - INFO - updater 8604 Patching D:\a\moonlight-qt\Qt\6.8.3\msvc2022_64\lib\Qt6QuickControls2Imagine.prl
2026-05-12 08:07:25,798 - aqt.updater - INFO - updater 8604 Patching D:\a\moonlight-qt\Qt\6.8.3\msvc2022_64\lib\Qt6QuickControls2Imagined.prl
2026-05-12 08:07:25,798 - aqt.updater - INFO - updater 8604 Patching D:\a\moonlight-qt\Qt\6.8.3\msvc2022_64\lib\Qt6QuickControls2ImagineStyleImpl.prl
2026-05-12 08:07:25,800 - aqt.updater - INFO - updater 8604 Patching D:\a\moonlight-qt\Qt\6.8.3\msvc2022_64\lib\Qt6QuickControls2ImagineStyleImpld.prl
2026-05-12 08:07:25,800 - aqt.updater - INFO - updater 8604 Patching D:\a\moonlight-qt\Qt\6.8.3\msvc2022_64\lib\Qt6QuickControls2Impl.prl
2026-05-12 08:07:25,800 - aqt.updater - INFO - updater 8604 Patching D:\a\moonlight-qt\Qt\6.8.3\msvc2022_64\lib\Qt6QuickControls2Impld.prl
2026-05-12 08:07:25,800 - aqt.updater - INFO - updater 8604 Patching D:\a\moonlight-qt\Qt\6.8.3\msvc2022_64\lib\Qt6QuickControls2Material.prl
2026-05-12 08:07:25,802 - aqt.updater - INFO - updater 8604 Patching D:\a\moonlight-qt\Qt\6.8.3\msvc2022_64\lib\Qt6QuickControls2Materiald.prl
2026-05-12 08:07:25,802 - aqt.updater - INFO - updater 8604 Patching D:\a\moonlight-qt\Qt\6.8.3\msvc2022_64\lib\Qt6QuickControls2MaterialStyleImpl.prl
2026-05-12 08:07:25,802 - aqt.updater - INFO - updater 8604 Patching D:\a\moonlight-qt\Qt\6.8.3\msvc2022_64\lib\Qt6QuickControls2MaterialStyleImpld.prl
2026-05-12 08:07:25,802 - aqt.updater - INFO - updater 8604 Patching D:\a\moonlight-qt\Qt\6.8.3\msvc2022_64\lib\Qt6QuickControls2Universal.prl
2026-05-12 08:07:25,804 - aqt.updater - INFO - updater 8604 Patching D:\a\moonlight-qt\Qt\6.8.3\msvc2022_64\lib\Qt6QuickControls2Universald.prl
2026-05-12 08:07:25,804 - aqt.updater - INFO - updater 8604 Patching D:\a\moonlight-qt\Qt\6.8.3\msvc2022_64\lib\Qt6QuickControls2UniversalStyleImpl.prl
2026-05-12 08:07:25,804 - aqt.updater - INFO - updater 8604 Patching D:\a\moonlight-qt\Qt\6.8.3\msvc2022_64\lib\Qt6QuickControls2UniversalStyleImpld.prl
2026-05-12 08:07:25,804 - aqt.updater - INFO - updater 8604 Patching D:\a\moonlight-qt\Qt\6.8.3\msvc2022_64\lib\Qt6QuickControls2WindowsStyleImpl.prl
2026-05-12 08:07:25,806 - aqt.updater - INFO - updater 8604 Patching D:\a\moonlight-qt\Qt\6.8.3\msvc2022_64\lib\Qt6QuickControls2WindowsStyleImpld.prl
2026-05-12 08:07:25,806 - aqt.updater - INFO - updater 8604 Patching D:\a\moonlight-qt\Qt\6.8.3\msvc2022_64\lib\Qt6QuickControlsTestUtils.prl
2026-05-12 08:07:25,806 - aqt.updater - INFO - updater 8604 Patching D:\a\moonlight-qt\Qt\6.8.3\msvc2022_64\lib\Qt6QuickControlsTestUtilsd.prl
2026-05-12 08:07:25,806 - aqt.updater - INFO - updater 8604 Patching D:\a\moonlight-qt\Qt\6.8.3\msvc2022_64\lib\Qt6Quickd.prl
2026-05-12 08:07:25,808 - aqt.updater - INFO - updater 8604 Patching D:\a\moonlight-qt\Qt\6.8.3\msvc2022_64\lib\Qt6QuickDialogs2.prl
2026-05-12 08:07:25,808 - aqt.updater - INFO - updater 8604 Patching D:\a\moonlight-qt\Qt\6.8.3\msvc2022_64\lib\Qt6QuickDialogs2d.prl
2026-05-12 08:07:25,808 - aqt.updater - INFO - updater 8604 Patching D:\a\moonlight-qt\Qt\6.8.3\msvc2022_64\lib\Qt6QuickDialogs2QuickImpl.prl
2026-05-12 08:07:25,808 - aqt.updater - INFO - updater 8604 Patching D:\a\moonlight-qt\Qt\6.8.3\msvc2022_64\lib\Qt6QuickDialogs2QuickImpld.prl
2026-05-12 08:07:25,810 - aqt.updater - INFO - updater 8604 Patching D:\a\moonlight-qt\Qt\6.8.3\msvc2022_64\lib\Qt6QuickDialogs2Utils.prl
2026-05-12 08:07:25,810 - aqt.updater - INFO - updater 8604 Patching D:\a\moonlight-qt\Qt\6.8.3\msvc2022_64\lib\Qt6QuickDialogs2Utilsd.prl
2026-05-12 08:07:25,810 - aqt.updater - INFO - updater 8604 Patching D:\a\moonlight-qt\Qt\6.8.3\msvc2022_64\lib\Qt6QuickEffects.prl
2026-05-12 08:07:25,810 - aqt.updater - INFO - updater 8604 Patching D:\a\moonlight-qt\Qt\6.8.3\msvc2022_64\lib\Qt6QuickEffectsd.prl
2026-05-12 08:07:25,812 - aqt.updater - INFO - updater 8604 Patching D:\a\moonlight-qt\Qt\6.8.3\msvc2022_64\lib\Qt6QuickLayouts.prl
2026-05-12 08:07:25,812 - aqt.updater - INFO - updater 8604 Patching D:\a\moonlight-qt\Qt\6.8.3\msvc2022_64\lib\Qt6QuickLayoutsd.prl
2026-05-12 08:07:25,812 - aqt.updater - INFO - updater 8604 Patching D:\a\moonlight-qt\Qt\6.8.3\msvc2022_64\lib\Qt6QuickParticles.prl
2026-05-12 08:07:25,813 - aqt.updater - INFO - updater 8604 Patching D:\a\moonlight-qt\Qt\6.8.3\msvc2022_64\lib\Qt6QuickParticlesd.prl
2026-05-12 08:07:25,814 - aqt.updater - INFO - updater 8604 Patching D:\a\moonlight-qt\Qt\6.8.3\msvc2022_64\lib\Qt6QuickShapes.prl
2026-05-12 08:07:25,814 - aqt.updater - INFO - updater 8604 Patching D:\a\moonlight-qt\Qt\6.8.3\msvc2022_64\lib\Qt6QuickShapesd.prl
2026-05-12 08:07:25,814 - aqt.updater - INFO - updater 8604 Patching D:\a\moonlight-qt\Qt\6.8.3\msvc2022_64\lib\Qt6QuickTemplates2.prl
2026-05-12 08:07:25,816 - aqt.updater - INFO - updater 8604 Patching D:\a\moonlight-qt\Qt\6.8.3\msvc2022_64\lib\Qt6QuickTemplates2d.prl
2026-05-12 08:07:25,816 - aqt.updater - INFO - updater 8604 Patching D:\a\moonlight-qt\Qt\6.8.3\msvc2022_64\lib\Qt6QuickTest.prl
2026-05-12 08:07:25,816 - aqt.updater - INFO - updater 8604 Patching D:\a\moonlight-qt\Qt\6.8.3\msvc2022_64\lib\Qt6QuickTestd.prl
2026-05-12 08:07:25,816 - aqt.updater - INFO - updater 8604 Patching D:\a\moonlight-qt\Qt\6.8.3\msvc2022_64\lib\Qt6QuickTestUtils.prl
2026-05-12 08:07:25,818 - aqt.updater - INFO - updater 8604 Patching D:\a\moonlight-qt\Qt\6.8.3\msvc2022_64\lib\Qt6QuickTestUtilsd.prl
2026-05-12 08:07:25,818 - aqt.updater - INFO - updater 8604 Patching D:\a\moonlight-qt\Qt\6.8.3\msvc2022_64\lib\Qt6QuickVectorImage.prl
2026-05-12 08:07:25,818 - aqt.updater - INFO - updater 8604 Patching D:\a\moonlight-qt\Qt\6.8.3\msvc2022_64\lib\Qt6QuickVectorImaged.prl
2026-05-12 08:07:25,818 - aqt.updater - INFO - updater 8604 Patching D:\a\moonlight-qt\Qt\6.8.3\msvc2022_64\lib\Qt6QuickVectorImageGenerator.prl
2026-05-12 08:07:25,820 - aqt.updater - INFO - updater 8604 Patching D:\a\moonlight-qt\Qt\6.8.3\msvc2022_64\lib\Qt6QuickVectorImageGeneratord.prl
2026-05-12 08:07:25,820 - aqt.updater - INFO - updater 8604 Patching D:\a\moonlight-qt\Qt\6.8.3\msvc2022_64\lib\Qt6QuickWidgets.prl
2026-05-12 08:07:25,820 - aqt.updater - INFO - updater 8604 Patching D:\a\moonlight-qt\Qt\6.8.3\msvc2022_64\lib\Qt6QuickWidgetsd.prl
2026-05-12 08:07:25,820 - aqt.updater - INFO - updater 8604 Patching D:\a\moonlight-qt\Qt\6.8.3\msvc2022_64\lib\Qt6SpatialAudio.prl
2026-05-12 08:07:25,822 - aqt.updater - INFO - updater 8604 Patching D:\a\moonlight-qt\Qt\6.8.3\msvc2022_64\lib\Qt6SpatialAudiod.prl
2026-05-12 08:07:25,822 - aqt.updater - INFO - updater 8604 Patching D:\a\moonlight-qt\Qt\6.8.3\msvc2022_64\lib\Qt6Sql.prl
2026-05-12 08:07:25,822 - aqt.updater - INFO - updater 8604 Patching D:\a\moonlight-qt\Qt\6.8.3\msvc2022_64\lib\Qt6Sqld.prl
2026-05-12 08:07:25,822 - aqt.updater - INFO - updater 8604 Patching D:\a\moonlight-qt\Qt\6.8.3\msvc2022_64\lib\Qt6Svg.prl
2026-05-12 08:07:25,824 - aqt.updater - INFO - updater 8604 Patching D:\a\moonlight-qt\Qt\6.8.3\msvc2022_64\lib\Qt6Svgd.prl
2026-05-12 08:07:25,824 - aqt.updater - INFO - updater 8604 Patching D:\a\moonlight-qt\Qt\6.8.3\msvc2022_64\lib\Qt6SvgWidgets.prl
2026-05-12 08:07:25,824 - aqt.updater - INFO - updater 8604 Patching D:\a\moonlight-qt\Qt\6.8.3\msvc2022_64\lib\Qt6SvgWidgetsd.prl
2026-05-12 08:07:25,824 - aqt.updater - INFO - updater 8604 Patching D:\a\moonlight-qt\Qt\6.8.3\msvc2022_64\lib\Qt6Test.prl
2026-05-12 08:07:25,826 - aqt.updater - INFO - updater 8604 Patching D:\a\moonlight-qt\Qt\6.8.3\msvc2022_64\lib\Qt6Testd.prl
2026-05-12 08:07:25,826 - aqt.updater - INFO - updater 8604 Patching D:\a\moonlight-qt\Qt\6.8.3\msvc2022_64\lib\Qt6UiTools.prl
2026-05-12 08:07:25,827 - aqt.updater - INFO - updater 8604 Patching D:\a\moonlight-qt\Qt\6.8.3\msvc2022_64\lib\Qt6UiToolsd.prl
2026-05-12 08:07:25,827 - aqt.updater - INFO - updater 8604 Patching D:\a\moonlight-qt\Qt\6.8.3\msvc2022_64\lib\Qt6Widgets.prl
2026-05-12 08:07:25,828 - aqt.updater - INFO - updater 8604 Patching D:\a\moonlight-qt\Qt\6.8.3\msvc2022_64\lib\Qt6Widgetsd.prl
2026-05-12 08:07:25,828 - aqt.updater - INFO - updater 8604 Patching D:\a\moonlight-qt\Qt\6.8.3\msvc2022_64\lib\Qt6Xml.prl
2026-05-12 08:07:25,829 - aqt.updater - INFO - updater 8604 Patching D:\a\moonlight-qt\Qt\6.8.3\msvc2022_64\lib\Qt6Xmld.prl
2026-05-12 08:07:25,829 - aqt.main - INFO - installer 8604 Finished installation
2026-05-12 08:07:25,829 - aqt.main - INFO - installer 8604 Time elapsed: 34.97960960 second
2026-05-13 11:57:27,782 - aqt.main - INFO - installer 4612 aqtinstall(aqt) v3.1.21 on Python 3.11.9 [CPython MSC v.1938 64 bit (AMD64)]
2026-05-13 11:57:27,783 - aqt.helper - DEBUG - helper 4612 Attempt to download checksum at https://download.qt.io/online/qtsdkrepository/windows_x86/desktop/qt6_683/qt6_683/Updates.xml.sha256
2026-05-13 11:57:29,671 - aqt.helper - DEBUG - helper 4612 Attempt to download checksum at https://download.qt.io/online/qtsdkrepository/windows_x86/extensions/qtwebengine/683/msvc2022_64/Updates.xml.sha256
2026-05-13 11:57:31,395 - aqt.archives - INFO - archives 4612 Found extension qtwebengine
2026-05-13 11:57:31,395 - aqt.helper - DEBUG - helper 4612 Attempt to download checksum at https://download.qt.io/online/qtsdkrepository/windows_x86/extensions/qtpdf/683/msvc2022_64/Updates.xml.sha256
2026-05-13 11:57:33,088 - aqt.archives - INFO - archives 4612 Found extension qtpdf
2026-05-13 11:57:33,748 - aqt.helper - DEBUG - helper 1864 Attempt to download checksum at https://download.qt.io/online/qtsdkrepository/windows_x86/desktop/qt6_683/qt6_683/qt.qt6.683.addons.qtmultimedia.win64_msvc2022_64/6.8.3-0-202503201308qtmultimedia-Windows-Windows_11_23H2-MSVC2022-Windows-Windows_11_23H2-X86_64.7z.sha256
2026-05-13 11:57:33,750 - aqt.helper - DEBUG - helper 5276 Attempt to download checksum at https://download.qt.io/online/qtsdkrepository/windows_x86/desktop/qt6_683/qt6_683/qt.qt6.683.win64_msvc2022_64/6.8.3-0-202503201308qtsvg-Windows-Windows_11_23H2-MSVC2022-Windows-Windows_11_23H2-X86_64.7z.sha256
sha256
2026-05-13 11:57:34,745 - aqt.helper - INFO - helper 9404 Downloading qtbase...
2026-05-13 11:57:34,745 - aqt.installer - DEBUG - installer 9404 Download URL: https://download.qt.io/online/qtsdkrepository/windows_x86/desktop/qt6_683/qt6_683/qt.qt6.683.win64_msvc2022_64/6.8.3-0-202503201308qtbase-Windows-Windows_11_23H2-MSVC2022-Windows-Windows_11_23H2-X86_64.7z
2026-05-13 11:57:34,753 - aqt.helper - INFO - helper 4864 Downloading qtdeclarative...
2026-05-13 11:57:34,753 - aqt.installer - DEBUG - installer 4864 Download URL: https://download.qt.io/online/qtsdkrepository/windows_x86/desktop/qt6_683/qt6_683/qt.qt6.683.win64_msvc2022_64/6.8.3-0-202503201308qtdeclarative-Windows-Windows_11_23H2-MSVC2022-Windows-Windows_11_23H2-X86_64.7z
2026-05-13 11:57:34,762 - aqt.helper - INFO - helper 5276 Downloading qtsvg...
2026-05-13 11:57:34,762 - aqt.installer - DEBUG - installer 5276 Download URL: https://download.qt.io/online/qtsdkrepository/windows_x86/desktop/qt6_683/qt6_683/qt.qt6.683.win64_msvc2022_64/6.8.3-0-202503201308qtsvg-Windows-Windows_11_23H2-MSVC2022-Windows-Windows_11_23H2-X86_64.7z
2026-05-13 11:57:34,817 - aqt.helper - INFO - helper 1864 Downloading qtmultimedia...
2026-05-13 11:57:34,817 - aqt.installer - DEBUG - installer 1864 Download URL: https://download.qt.io/online/qtsdkrepository/windows_x86/desktop/qt6_683/qt6_683/qt.qt6.683.addons.qtmultimedia.win64_msvc2022_64/6.8.3-0-202503201308qtmultimedia-Windows-Windows_11_23H2-MSVC2022-Windows-Windows_11_23H2-X86_64.7z
2026-05-13 11:57:35,714 - aqt.helper - DEBUG - helper 9404 Asked to redirect(302) to: https://qt.mirror.constant.com/online/qtsdkrepository/windows_x86/desktop/qt6_683/qt6_683/qt.qt6.683.win64_msvc2022_64/6.8.3-0-202503201308qtbase-Windows-Windows_11_23H2-MSVC2022-Windows-Windows_11_23H2-X86_64.7z
2026-05-13 11:57:35,714 - aqt.helper - INFO - helper 9404 Redirected: qt.mirror.constant.com
2026-05-13 11:57:35,765 - aqt.helper - DEBUG - helper 5276 Asked to redirect(302) to: https://qt.mirror.constant.com/online/qtsdkrepository/windows_x86/desktop/qt6_683/qt6_683/qt.qt6.683.win64_msvc2022_64/6.8.3-0-202503201308qtsvg-Windows-Windows_11_23H2-MSVC2022-Windows-Windows_11_23H2-X86_64.7z
2026-05-13 11:57:35,765 - aqt.helper - INFO - helper 5276 Redirected: qt.mirror.constant.com
2026-05-13 11:57:35,789 - aqt.helper - DEBUG - helper 4864 Asked to redirect(302) to: https://qt.mirror.constant.com/online/qtsdkrepository/windows_x86/desktop/qt6_683/qt6_683/qt.qt6.683.win64_msvc2022_64/6.8.3-0-202503201308qtdeclarative-Windows-Windows_11_23H2-MSVC2022-Windows-Windows_11_23H2-X86_64.7z
2026-05-13 11:57:35,789 - aqt.helper - INFO - helper 4864 Redirected: qt.mirror.constant.com
2026-05-13 11:57:36,541 - aqt.installer - INFO - installer 5276 Finished installation of qtsvg-Windows-Windows_11_23H2-MSVC2022-Windows-Windows_11_23H2-X86_64.7z in 2.79330630
2026-05-13 11:57:36,554 - aqt.helper - DEBUG - helper 5276 Attempt to download checksum at https://download.qt.io/online/qtsdkrepository/windows_x86/desktop/qt6_683/qt6_683/qt.qt6.683.win64_msvc2022_64/6.8.3-0-202503201308qttools-Windows-Windows_11_23H2-MSVC2022-Windows-Windows_11_23H2-X86_64.7z.sha256
2026-05-13 11:57:37,477 - aqt.helper - INFO - helper 5276 Downloading qttools...
2026-05-13 11:57:37,477 - aqt.installer - DEBUG - installer 5276 Download URL: https://download.qt.io/online/qtsdkrepository/windows_x86/desktop/qt6_683/qt6_683/qt.qt6.683.win64_msvc2022_64/6.8.3-0-202503201308qttools-Windows-Windows_11_23H2-MSVC2022-Windows-Windows_11_23H2-X86_64.7z
2026-05-13 11:57:38,059 - aqt.helper - DEBUG - helper 1864 Asked to redirect(302) to: https://qt.mirror.constant.com/online/qtsdkrepository/windows_x86/desktop/qt6_683/qt6_683/qt.qt6.683.addons.qtmultimedia.win64_msvc2022_64/6.8.3-0-202503201308qtmultimedia-Windows-Windows_11_23H2-MSVC2022-Windows-Windows_11_23H2-X86_64.7z
2026-05-13 11:57:38,061 - aqt.helper - INFO - helper 1864 Redirected: qt.mirror.constant.com
2026-05-13 11:57:38,400 - aqt.helper - DEBUG - helper 5276 Asked to redirect(302) to: https://qt.mirror.constant.com/online/qtsdkrepository/windows_x86/desktop/qt6_683/qt6_683/qt.qt6.683.win64_msvc2022_64/6.8.3-0-202503201308qttools-Windows-Windows_11_23H2-MSVC2022-Windows-Windows_11_23H2-X86_64.7z
2026-05-13 11:57:38,402 - aqt.helper - INFO - helper 5276 Redirected: qt.mirror.constant.com
2026-05-13 11:57:42,042 - aqt.installer - INFO - installer 5276 Finished installation of qttools-Windows-Windows_11_23H2-MSVC2022-Windows-Windows_11_23H2-X86_64.7z in 5.49116030
2026-05-13 11:57:42,060 - aqt.helper - DEBUG - helper 5276 Attempt to download checksum at https://download.qt.io/online/qtsdkrepository/windows_x86/desktop/qt6_683/qt6_683/qt.qt6.683.win64_msvc2022_64/6.8.3-0-202503201308qttranslations-Windows-Windows_11_23H2-MSVC2022-Windows-Windows_11_23H2-X86_64.7z.sha256
2026-05-13 11:57:42,717 - aqt.installer - INFO - installer 9404 Finished installation of qtbase-Windows-Windows_11_23H2-MSVC2022-Windows-Windows_11_23H2-X86_64.7z in 8.96899910
2026-05-13 11:57:42,739 - aqt.helper - DEBUG - helper 9404 Attempt to download checksum at https://download.qt.io/online/qtsdkrepository/windows_x86/desktop/qt6_683/qt6_683/qt.qt6.683.win64_msvc2022_64/6.8.3-0-202503201308d3dcompiler_47-x64.7z.sha256
2026-05-13 11:57:43,027 - aqt.helper - INFO - helper 5276 Downloading qttranslations...
2026-05-13 11:57:43,027 - aqt.installer - DEBUG - installer 5276 Download URL: https://download.qt.io/online/qtsdkrepository/windows_x86/desktop/qt6_683/qt6_683/qt.qt6.683.win64_msvc2022_64/6.8.3-0-202503201308qttranslations-Windows-Windows_11_23H2-MSVC2022-Windows-Windows_11_23H2-X86_64.7z
2026-05-13 11:57:43,686 - aqt.helper - INFO - helper 9404 Downloading d3dcompiler_47...
2026-05-13 11:57:43,686 - aqt.installer - DEBUG - installer 9404 Download URL: https://download.qt.io/online/qtsdkrepository/windows_x86/desktop/qt6_683/qt6_683/qt.qt6.683.win64_msvc2022_64/6.8.3-0-202503201308d3dcompiler_47-x64.7z
2026-05-13 11:57:43,974 - aqt.helper - DEBUG - helper 5276 Asked to redirect(302) to: https://qt.mirror.constant.com/online/qtsdkrepository/windows_x86/desktop/qt6_683/qt6_683/qt.qt6.683.win64_msvc2022_64/6.8.3-0-202503201308qttranslations-Windows-Windows_11_23H2-MSVC2022-Windows-Windows_11_23H2-X86_64.7z
2026-05-13 11:57:43,974 - aqt.helper - INFO - helper 5276 Redirected: qt.mirror.constant.com
2026-05-13 11:57:44,168 - aqt.installer - INFO - installer 1864 Finished installation of qtmultimedia-Windows-Windows_11_23H2-MSVC2022-Windows-Windows_11_23H2-X86_64.7z in 10.42370440
2026-05-13 11:57:44,184 - aqt.helper - DEBUG - helper 1864 Attempt to download checksum at https://download.qt.io/online/qtsdkrepository/windows_x86/desktop/qt6_683/qt6_683/qt.qt6.683.win64_msvc2022_64/6.8.3-0-202503201308opengl32sw-64-mesa_11_2_2-signed_sha256.7z.sha256
2026-05-13 11:57:44,639 - aqt.helper - DEBUG - helper 9404 Asked to redirect(302) to: https://qt.mirror.constant.com/online/qtsdkrepository/windows_x86/desktop/qt6_683/qt6_683/qt.qt6.683.win64_msvc2022_64/6.8.3-0-202503201308d3dcompiler_47-x64.7z
2026-05-13 11:57:44,641 - aqt.helper - INFO - helper 9404 Redirected: qt.mirror.constant.com
2026-05-13 11:57:45,032 - aqt.helper - INFO - helper 1864 Downloading opengl32sw...
2026-05-13 11:57:45,032 - aqt.installer - DEBUG - installer 1864 Download URL: https://download.qt.io/online/qtsdkrepository/windows_x86/desktop/qt6_683/qt6_683/qt.qt6.683.win64_msvc2022_64/6.8.3-0-202503201308opengl32sw-64-mesa_11_2_2-signed_sha256.7z
2026-05-13 11:57:45,052 - aqt.installer - INFO - installer 5276 Finished installation of qttranslations-Windows-Windows_11_23H2-MSVC2022-Windows-Windows_11_23H2-X86_64.7z in 2.99468410
2026-05-13 11:57:45,528 - aqt.installer - INFO - installer 9404 Finished installation of d3dcompiler_47-x64.7z in 2.79242710
2026-05-13 11:57:45,967 - aqt.helper - DEBUG - helper 1864 Asked to redirect(302) to: https://qt.mirror.constant.com/online/qtsdkrepository/windows_x86/desktop/qt6_683/qt6_683/qt.qt6.683.win64_msvc2022_64/6.8.3-0-202503201308opengl32sw-64-mesa_11_2_2-signed_sha256.7z
2026-05-13 11:57:45,967 - aqt.helper - INFO - helper 1864 Redirected: qt.mirror.constant.com
2026-05-13 11:57:47,184 - aqt.installer - INFO - installer 1864 Finished installation of opengl32sw-64-mesa_11_2_2-signed_sha256.7z in 3.00240780
2026-05-13 11:57:57,506 - aqt.installer - INFO - installer 4864 Finished installation of qtdeclarative-Windows-Windows_11_23H2-MSVC2022-Windows-Windows_11_23H2-X86_64.7z in 23.75913750
2026-05-13 11:57:57,995 - aqt.updater - INFO - updater 4612 Patching D:\a\moonlight-qt\Qt\6.8.3\msvc2022_64\bin\qmake.exe
2026-05-13 11:57:57,999 - aqt.updater - INFO - updater 4612 Patching D:\a\moonlight-qt\Qt\6.8.3\msvc2022_64\lib\Qt6Concurrent.prl
2026-05-13 11:57:57,999 - aqt.updater - INFO - updater 4612 Patching D:\a\moonlight-qt\Qt\6.8.3\msvc2022_64\lib\Qt6Concurrentd.prl
2026-05-13 11:57:57,999 - aqt.updater - INFO - updater 4612 Patching D:\a\moonlight-qt\Qt\6.8.3\msvc2022_64\lib\Qt6Core.prl
2026-05-13 11:57:58,001 - aqt.updater - INFO - updater 4612 Patching D:\a\moonlight-qt\Qt\6.8.3\msvc2022_64\lib\Qt6Cored.prl
2026-05-13 11:57:58,001 - aqt.updater - INFO - updater 4612 Patching D:\a\moonlight-qt\Qt\6.8.3\msvc2022_64\lib\Qt6DBus.prl
2026-05-13 11:57:58,001 - aqt.updater - INFO - updater 4612 Patching D:\a\moonlight-qt\Qt\6.8.3\msvc2022_64\lib\Qt6DBusd.prl
2026-05-13 11:57:58,001 - aqt.updater - INFO - updater 4612 Patching D:\a\moonlight-qt\Qt\6.8.3\msvc2022_64\lib\Qt6Designer.prl
2026-05-13 11:57:58,001 - aqt.updater - INFO - updater 4612 Patching D:\a\moonlight-qt\Qt\6.8.3\msvc2022_64\lib\Qt6DesignerComponents.prl
2026-05-13 11:57:58,003 - aqt.updater - INFO - updater 4612 Patching D:\a\moonlight-qt\Qt\6.8.3\msvc2022_64\lib\Qt6DesignerComponentsd.prl
2026-05-13 11:57:58,003 - aqt.updater - INFO - updater 4612 Patching D:\a\moonlight-qt\Qt\6.8.3\msvc2022_64\lib\Qt6Designerd.prl
2026-05-13 11:57:58,003 - aqt.updater - INFO - updater 4612 Patching D:\a\moonlight-qt\Qt\6.8.3\msvc2022_64\lib\Qt6DeviceDiscoverySupport.prl
2026-05-13 11:57:58,003 - aqt.updater - INFO - updater 4612 Patching D:\a\moonlight-qt\Qt\6.8.3\msvc2022_64\lib\Qt6DeviceDiscoverySupportd.prl
2026-05-13 11:57:58,005 - aqt.updater - INFO - updater 4612 Patching D:\a\moonlight-qt\Qt\6.8.3\msvc2022_64\lib\Qt6EntryPoint.prl
2026-05-13 11:57:58,005 - aqt.updater - INFO - updater 4612 Patching D:\a\moonlight-qt\Qt\6.8.3\msvc2022_64\lib\Qt6EntryPointd.prl
2026-05-13 11:57:58,005 - aqt.updater - INFO - updater 4612 Patching D:\a\moonlight-qt\Qt\6.8.3\msvc2022_64\lib\Qt6ExampleIcons.prl
2026-05-13 11:57:58,005 - aqt.updater - INFO - updater 4612 Patching D:\a\moonlight-qt\Qt\6.8.3\msvc2022_64\lib\Qt6ExampleIconsd.prl
2026-05-13 11:57:58,007 - aqt.updater - INFO - updater 4612 Patching D:\a\moonlight-qt\Qt\6.8.3\msvc2022_64\lib\Qt6ExamplesAssetDownloader.prl
2026-05-13 11:57:58,007 - aqt.updater - INFO - updater 4612 Patching D:\a\moonlight-qt\Qt\6.8.3\msvc2022_64\lib\Qt6ExamplesAssetDownloaderd.prl
2026-05-13 11:57:58,007 - aqt.updater - INFO - updater 4612 Patching D:\a\moonlight-qt\Qt\6.8.3\msvc2022_64\lib\Qt6FbSupport.prl
2026-05-13 11:57:58,007 - aqt.updater - INFO - updater 4612 Patching D:\a\moonlight-qt\Qt\6.8.3\msvc2022_64\lib\Qt6FbSupportd.prl
2026-05-13 11:57:58,009 - aqt.updater - INFO - updater 4612 Patching D:\a\moonlight-qt\Qt\6.8.3\msvc2022_64\lib\Qt6FFmpegMediaPluginImpl.prl
2026-05-13 11:57:58,009 - aqt.updater - INFO - updater 4612 Patching D:\a\moonlight-qt\Qt\6.8.3\msvc2022_64\lib\Qt6FFmpegMediaPluginImpld.prl
2026-05-13 11:57:58,009 - aqt.updater - INFO - updater 4612 Patching D:\a\moonlight-qt\Qt\6.8.3\msvc2022_64\lib\Qt6Gui.prl
2026-05-13 11:57:58,009 - aqt.updater - INFO - updater 4612 Patching D:\a\moonlight-qt\Qt\6.8.3\msvc2022_64\lib\Qt6Guid.prl
2026-05-13 11:57:58,011 - aqt.updater - INFO - updater 4612 Patching D:\a\moonlight-qt\Qt\6.8.3\msvc2022_64\lib\Qt6Help.prl
2026-05-13 11:57:58,011 - aqt.updater - INFO - updater 4612 Patching D:\a\moonlight-qt\Qt\6.8.3\msvc2022_64\lib\Qt6Helpd.prl
2026-05-13 11:57:58,011 - aqt.updater - INFO - updater 4612 Patching D:\a\moonlight-qt\Qt\6.8.3\msvc2022_64\lib\Qt6LabsAnimation.prl
2026-05-13 11:57:58,011 - aqt.updater - INFO - updater 4612 Patching D:\a\moonlight-qt\Qt\6.8.3\msvc2022_64\lib\Qt6LabsAnimationd.prl
2026-05-13 11:57:58,011 - aqt.updater - INFO - updater 4612 Patching D:\a\moonlight-qt\Qt\6.8.3\msvc2022_64\lib\Qt6LabsFolderListModel.prl
2026-05-13 11:57:58,013 - aqt.updater - INFO - updater 4612 Patching D:\a\moonlight-qt\Qt\6.8.3\msvc2022_64\lib\Qt6LabsFolderListModeld.prl
2026-05-13 11:57:58,013 - aqt.updater - INFO - updater 4612 Patching D:\a\moonlight-qt\Qt\6.8.3\msvc2022_64\lib\Qt6LabsPlatform.prl
2026-05-13 11:57:58,013 - aqt.updater - INFO - updater 4612 Patching D:\a\moonlight-qt\Qt\6.8.3\msvc2022_64\lib\Qt6LabsPlatformd.prl
2026-05-13 11:57:58,013 - aqt.updater - INFO - updater 4612 Patching D:\a\moonlight-qt\Qt\6.8.3\msvc2022_64\lib\Qt6LabsQmlModels.prl
2026-05-13 11:57:58,015 - aqt.updater - INFO - updater 4612 Patching D:\a\moonlight-qt\Qt\6.8.3\msvc2022_64\lib\Qt6LabsQmlModelsd.prl
2026-05-13 11:57:58,015 - aqt.updater - INFO - updater 4612 Patching D:\a\moonlight-qt\Qt\6.8.3\msvc2022_64\lib\Qt6LabsSettings.prl
2026-05-13 11:57:58,015 - aqt.updater - INFO - updater 4612 Patching D:\a\moonlight-qt\Qt\6.8.3\msvc2022_64\lib\Qt6LabsSettingsd.prl
2026-05-13 11:57:58,015 - aqt.updater - INFO - updater 4612 Patching D:\a\moonlight-qt\Qt\6.8.3\msvc2022_64\lib\Qt6LabsSharedImage.prl
2026-05-13 11:57:58,015 - aqt.updater - INFO - updater 4612 Patching D:\a\moonlight-qt\Qt\6.8.3\msvc2022_64\lib\Qt6LabsSharedImaged.prl
2026-05-13 11:57:58,017 - aqt.updater - INFO - updater 4612 Patching D:\a\moonlight-qt\Qt\6.8.3\msvc2022_64\lib\Qt6LabsWavefrontMesh.prl
2026-05-13 11:57:58,017 - aqt.updater - INFO - updater 4612 Patching D:\a\moonlight-qt\Qt\6.8.3\msvc2022_64\lib\Qt6LabsWavefrontMeshd.prl
2026-05-13 11:57:58,017 - aqt.updater - INFO - updater 4612 Patching D:\a\moonlight-qt\Qt\6.8.3\msvc2022_64\lib\Qt6Multimedia.prl
2026-05-13 11:57:58,017 - aqt.updater - INFO - updater 4612 Patching D:\a\moonlight-qt\Qt\6.8.3\msvc2022_64\lib\Qt6Multimediad.prl
2026-05-13 11:57:58,019 - aqt.updater - INFO - updater 4612 Patching D:\a\moonlight-qt\Qt\6.8.3\msvc2022_64\lib\Qt6MultimediaQuick.prl
2026-05-13 11:57:58,019 - aqt.updater - INFO - updater 4612 Patching D:\a\moonlight-qt\Qt\6.8.3\msvc2022_64\lib\Qt6MultimediaQuickd.prl
2026-05-13 11:57:58,019 - aqt.updater - INFO - updater 4612 Patching D:\a\moonlight-qt\Qt\6.8.3\msvc2022_64\lib\Qt6MultimediaTestLib.prl
2026-05-13 11:57:58,019 - aqt.updater - INFO - updater 4612 Patching D:\a\moonlight-qt\Qt\6.8.3\msvc2022_64\lib\Qt6MultimediaTestLibd.prl
2026-05-13 11:57:58,019 - aqt.updater - INFO - updater 4612 Patching D:\a\moonlight-qt\Qt\6.8.3\msvc2022_64\lib\Qt6MultimediaWidgets.prl
2026-05-13 11:57:58,021 - aqt.updater - INFO - updater 4612 Patching D:\a\moonlight-qt\Qt\6.8.3\msvc2022_64\lib\Qt6MultimediaWidgetsd.prl
2026-05-13 11:57:58,021 - aqt.updater - INFO - updater 4612 Patching D:\a\moonlight-qt\Qt\6.8.3\msvc2022_64\lib\Qt6Network.prl
2026-05-13 11:57:58,021 - aqt.updater - INFO - updater 4612 Patching D:\a\moonlight-qt\Qt\6.8.3\msvc2022_64\lib\Qt6Networkd.prl
2026-05-13 11:57:58,021 - aqt.updater - INFO - updater 4612 Patching D:\a\moonlight-qt\Qt\6.8.3\msvc2022_64\lib\Qt6OpenGL.prl
2026-05-13 11:57:58,023 - aqt.updater - INFO - updater 4612 Patching D:\a\moonlight-qt\Qt\6.8.3\msvc2022_64\lib\Qt6OpenGLd.prl
2026-05-13 11:57:58,023 - aqt.updater - INFO - updater 4612 Patching D:\a\moonlight-qt\Qt\6.8.3\msvc2022_64\lib\Qt6OpenGLWidgets.prl
2026-05-13 11:57:58,023 - aqt.updater - INFO - updater 4612 Patching D:\a\moonlight-qt\Qt\6.8.3\msvc2022_64\lib\Qt6OpenGLWidgetsd.prl
2026-05-13 11:57:58,023 - aqt.updater - INFO - updater 4612 Patching D:\a\moonlight-qt\Qt\6.8.3\msvc2022_64\lib\Qt6PacketProtocol.prl
2026-05-13 11:57:58,025 - aqt.updater - INFO - updater 4612 Patching D:\a\moonlight-qt\Qt\6.8.3\msvc2022_64\lib\Qt6PacketProtocold.prl
2026-05-13 11:57:58,025 - aqt.updater - INFO - updater 4612 Patching D:\a\moonlight-qt\Qt\6.8.3\msvc2022_64\lib\Qt6PrintSupport.prl
2026-05-13 11:57:58,025 - aqt.updater - INFO - updater 4612 Patching D:\a\moonlight-qt\Qt\6.8.3\msvc2022_64\lib\Qt6PrintSupportd.prl
2026-05-13 11:57:58,025 - aqt.updater - INFO - updater 4612 Patching D:\a\moonlight-qt\Qt\6.8.3\msvc2022_64\lib\Qt6Qml.prl
2026-05-13 11:57:58,025 - aqt.updater - INFO - updater 4612 Patching D:\a\moonlight-qt\Qt\6.8.3\msvc2022_64\lib\Qt6QmlAssetDownloader.prl
2026-05-13 11:57:58,027 - aqt.updater - INFO - updater 4612 Patching D:\a\moonlight-qt\Qt\6.8.3\msvc2022_64\lib\Qt6QmlAssetDownloaderd.prl
2026-05-13 11:57:58,027 - aqt.updater - INFO - updater 4612 Patching D:\a\moonlight-qt\Qt\6.8.3\msvc2022_64\lib\Qt6QmlCompiler.prl
2026-05-13 11:57:58,027 - aqt.updater - INFO - updater 4612 Patching D:\a\moonlight-qt\Qt\6.8.3\msvc2022_64\lib\Qt6QmlCompilerd.prl
2026-05-13 11:57:58,027 - aqt.updater - INFO - updater 4612 Patching D:\a\moonlight-qt\Qt\6.8.3\msvc2022_64\lib\Qt6QmlCore.prl
2026-05-13 11:57:58,029 - aqt.updater - INFO - updater 4612 Patching D:\a\moonlight-qt\Qt\6.8.3\msvc2022_64\lib\Qt6QmlCored.prl
2026-05-13 11:57:58,029 - aqt.updater - INFO - updater 4612 Patching D:\a\moonlight-qt\Qt\6.8.3\msvc2022_64\lib\Qt6Qmld.prl
2026-05-13 11:57:58,029 - aqt.updater - INFO - updater 4612 Patching D:\a\moonlight-qt\Qt\6.8.3\msvc2022_64\lib\Qt6QmlDebug.prl
2026-05-13 11:57:58,029 - aqt.updater - INFO - updater 4612 Patching D:\a\moonlight-qt\Qt\6.8.3\msvc2022_64\lib\Qt6QmlDebugd.prl
2026-05-13 11:57:58,031 - aqt.updater - INFO - updater 4612 Patching D:\a\moonlight-qt\Qt\6.8.3\msvc2022_64\lib\Qt6QmlDom.prl
2026-05-13 11:57:58,031 - aqt.updater - INFO - updater 4612 Patching D:\a\moonlight-qt\Qt\6.8.3\msvc2022_64\lib\Qt6QmlDomd.prl
2026-05-13 11:57:58,031 - aqt.updater - INFO - updater 4612 Patching D:\a\moonlight-qt\Qt\6.8.3\msvc2022_64\lib\Qt6QmlLocalStorage.prl
2026-05-13 11:57:58,031 - aqt.updater - INFO - updater 4612 Patching D:\a\moonlight-qt\Qt\6.8.3\msvc2022_64\lib\Qt6QmlLocalStoraged.prl
2026-05-13 11:57:58,031 - aqt.updater - INFO - updater 4612 Patching D:\a\moonlight-qt\Qt\6.8.3\msvc2022_64\lib\Qt6QmlLS.prl
2026-05-13 11:57:58,033 - aqt.updater - INFO - updater 4612 Patching D:\a\moonlight-qt\Qt\6.8.3\msvc2022_64\lib\Qt6QmlLSd.prl
2026-05-13 11:57:58,033 - aqt.updater - INFO - updater 4612 Patching D:\a\moonlight-qt\Qt\6.8.3\msvc2022_64\lib\Qt6QmlMeta.prl
2026-05-13 11:57:58,033 - aqt.updater - INFO - updater 4612 Patching D:\a\moonlight-qt\Qt\6.8.3\msvc2022_64\lib\Qt6QmlMetad.prl
2026-05-13 11:57:58,033 - aqt.updater - INFO - updater 4612 Patching D:\a\moonlight-qt\Qt\6.8.3\msvc2022_64\lib\Qt6QmlModels.prl
2026-05-13 11:57:58,035 - aqt.updater - INFO - updater 4612 Patching D:\a\moonlight-qt\Qt\6.8.3\msvc2022_64\lib\Qt6QmlModelsd.prl
2026-05-13 11:57:58,036 - aqt.updater - INFO - updater 4612 Patching D:\a\moonlight-qt\Qt\6.8.3\msvc2022_64\lib\Qt6QmlNetwork.prl
2026-05-13 11:57:58,036 - aqt.updater - INFO - updater 4612 Patching D:\a\moonlight-qt\Qt\6.8.3\msvc2022_64\lib\Qt6QmlNetworkd.prl
2026-05-13 11:57:58,036 - aqt.updater - INFO - updater 4612 Patching D:\a\moonlight-qt\Qt\6.8.3\msvc2022_64\lib\Qt6QmlToolingSettings.prl
2026-05-13 11:57:58,037 - aqt.updater - INFO - updater 4612 Patching D:\a\moonlight-qt\Qt\6.8.3\msvc2022_64\lib\Qt6QmlToolingSettingsd.prl
2026-05-13 11:57:58,037 - aqt.updater - INFO - updater 4612 Patching D:\a\moonlight-qt\Qt\6.8.3\msvc2022_64\lib\Qt6QmlTypeRegistrar.prl
2026-05-13 11:57:58,038 - aqt.updater - INFO - updater 4612 Patching D:\a\moonlight-qt\Qt\6.8.3\msvc2022_64\lib\Qt6QmlTypeRegistrard.prl
2026-05-13 11:57:58,038 - aqt.updater - INFO - updater 4612 Patching D:\a\moonlight-qt\Qt\6.8.3\msvc2022_64\lib\Qt6QmlWorkerScript.prl
2026-05-13 11:57:58,039 - aqt.updater - INFO - updater 4612 Patching D:\a\moonlight-qt\Qt\6.8.3\msvc2022_64\lib\Qt6QmlWorkerScriptd.prl
2026-05-13 11:57:58,039 - aqt.updater - INFO - updater 4612 Patching D:\a\moonlight-qt\Qt\6.8.3\msvc2022_64\lib\Qt6QmlXmlListModel.prl
2026-05-13 11:57:58,039 - aqt.updater - INFO - updater 4612 Patching D:\a\moonlight-qt\Qt\6.8.3\msvc2022_64\lib\Qt6QmlXmlListModeld.prl
2026-05-13 11:57:58,039 - aqt.updater - INFO - updater 4612 Patching D:\a\moonlight-qt\Qt\6.8.3\msvc2022_64\lib\Qt6Quick.prl
2026-05-13 11:57:58,041 - aqt.updater - INFO - updater 4612 Patching D:\a\moonlight-qt\Qt\6.8.3\msvc2022_64\lib\Qt6Quick3DSpatialAudio.prl
2026-05-13 11:57:58,041 - aqt.updater - INFO - updater 4612 Patching D:\a\moonlight-qt\Qt\6.8.3\msvc2022_64\lib\Qt6Quick3DSpatialAudiod.prl
2026-05-13 11:57:58,042 - aqt.updater - INFO - updater 4612 Patching D:\a\moonlight-qt\Qt\6.8.3\msvc2022_64\lib\Qt6QuickControls2.prl
2026-05-13 11:57:58,042 - aqt.updater - INFO - updater 4612 Patching D:\a\moonlight-qt\Qt\6.8.3\msvc2022_64\lib\Qt6QuickControls2Basic.prl
2026-05-13 11:57:58,042 - aqt.updater - INFO - updater 4612 Patching D:\a\moonlight-qt\Qt\6.8.3\msvc2022_64\lib\Qt6QuickControls2Basicd.prl
2026-05-13 11:57:58,043 - aqt.updater - INFO - updater 4612 Patching D:\a\moonlight-qt\Qt\6.8.3\msvc2022_64\lib\Qt6QuickControls2BasicStyleImpl.prl
2026-05-13 11:57:58,044 - aqt.updater - INFO - updater 4612 Patching D:\a\moonlight-qt\Qt\6.8.3\msvc2022_64\lib\Qt6QuickControls2BasicStyleImpld.prl
2026-05-13 11:57:58,044 - aqt.updater - INFO - updater 4612 Patching D:\a\moonlight-qt\Qt\6.8.3\msvc2022_64\lib\Qt6QuickControls2d.prl
2026-05-13 11:57:58,044 - aqt.updater - INFO - updater 4612 Patching D:\a\moonlight-qt\Qt\6.8.3\msvc2022_64\lib\Qt6QuickControls2FluentWinUI3StyleImpl.prl
2026-05-13 11:57:58,045 - aqt.updater - INFO - updater 4612 Patching D:\a\moonlight-qt\Qt\6.8.3\msvc2022_64\lib\Qt6QuickControls2FluentWinUI3StyleImpld.prl
2026-05-13 11:57:58,045 - aqt.updater - INFO - updater 4612 Patching D:\a\moonlight-qt\Qt\6.8.3\msvc2022_64\lib\Qt6QuickControls2Fusion.prl
2026-05-13 11:57:58,046 - aqt.updater - INFO - updater 4612 Patching D:\a\moonlight-qt\Qt\6.8.3\msvc2022_64\lib\Qt6QuickControls2Fusiond.prl
2026-05-13 11:57:58,046 - aqt.updater - INFO - updater 4612 Patching D:\a\moonlight-qt\Qt\6.8.3\msvc2022_64\lib\Qt6QuickControls2FusionStyleImpl.prl
2026-05-13 11:57:58,047 - aqt.updater - INFO - updater 4612 Patching D:\a\moonlight-qt\Qt\6.8.3\msvc2022_64\lib\Qt6QuickControls2FusionStyleImpld.prl
2026-05-13 11:57:58,047 - aqt.updater - INFO - updater 4612 Patching D:\a\moonlight-qt\Qt\6.8.3\msvc2022_64\lib\Qt6QuickControls2Imagine.prl
2026-05-13 11:57:58,048 - aqt.updater - INFO - updater 4612 Patching D:\a\moonlight-qt\Qt\6.8.3\msvc2022_64\lib\Qt6QuickControls2Imagined.prl
2026-05-13 11:57:58,048 - aqt.updater - INFO - updater 4612 Patching D:\a\moonlight-qt\Qt\6.8.3\msvc2022_64\lib\Qt6QuickControls2ImagineStyleImpl.prl
2026-05-13 11:57:58,048 - aqt.updater - INFO - updater 4612 Patching D:\a\moonlight-qt\Qt\6.8.3\msvc2022_64\lib\Qt6QuickControls2ImagineStyleImpld.prl
2026-05-13 11:57:58,049 - aqt.updater - INFO - updater 4612 Patching D:\a\moonlight-qt\Qt\6.8.3\msvc2022_64\lib\Qt6QuickControls2Impl.prl
2026-05-13 11:57:58,050 - aqt.updater - INFO - updater 4612 Patching D:\a\moonlight-qt\Qt\6.8.3\msvc2022_64\lib\Qt6QuickControls2Impld.prl
2026-05-13 11:57:58,050 - aqt.updater - INFO - updater 4612 Patching D:\a\moonlight-qt\Qt\6.8.3\msvc2022_64\lib\Qt6QuickControls2Material.prl
2026-05-13 11:57:58,050 - aqt.updater - INFO - updater 4612 Patching D:\a\moonlight-qt\Qt\6.8.3\msvc2022_64\lib\Qt6QuickControls2Materiald.prl
2026-05-13 11:57:58,051 - aqt.updater - INFO - updater 4612 Patching D:\a\moonlight-qt\Qt\6.8.3\msvc2022_64\lib\Qt6QuickControls2MaterialStyleImpl.prl
2026-05-13 11:57:58,051 - aqt.updater - INFO - updater 4612 Patching D:\a\moonlight-qt\Qt\6.8.3\msvc2022_64\lib\Qt6QuickControls2MaterialStyleImpld.prl
2026-05-13 11:57:58,052 - aqt.updater - INFO - updater 4612 Patching D:\a\moonlight-qt\Qt\6.8.3\msvc2022_64\lib\Qt6QuickControls2Universal.prl
2026-05-13 11:57:58,052 - aqt.updater - INFO - updater 4612 Patching D:\a\moonlight-qt\Qt\6.8.3\msvc2022_64\lib\Qt6QuickControls2Universald.prl
2026-05-13 11:57:58,053 - aqt.updater - INFO - updater 4612 Patching D:\a\moonlight-qt\Qt\6.8.3\msvc2022_64\lib\Qt6QuickControls2UniversalStyleImpl.prl
2026-05-13 11:57:58,053 - aqt.updater - INFO - updater 4612 Patching D:\a\moonlight-qt\Qt\6.8.3\msvc2022_64\lib\Qt6QuickControls2UniversalStyleImpld.prl
2026-05-13 11:57:58,054 - aqt.updater - INFO - updater 4612 Patching D:\a\moonlight-qt\Qt\6.8.3\msvc2022_64\lib\Qt6QuickControls2WindowsStyleImpl.prl
2026-05-13 11:57:58,054 - aqt.updater - INFO - updater 4612 Patching D:\a\moonlight-qt\Qt\6.8.3\msvc2022_64\lib\Qt6QuickControls2WindowsStyleImpld.prl
2026-05-13 11:57:58,055 - aqt.updater - INFO - updater 4612 Patching D:\a\moonlight-qt\Qt\6.8.3\msvc2022_64\lib\Qt6QuickControlsTestUtils.prl
2026-05-13 11:57:58,055 - aqt.updater - INFO - updater 4612 Patching D:\a\moonlight-qt\Qt\6.8.3\msvc2022_64\lib\Qt6QuickControlsTestUtilsd.prl
2026-05-13 11:57:58,055 - aqt.updater - INFO - updater 4612 Patching D:\a\moonlight-qt\Qt\6.8.3\msvc2022_64\lib\Qt6Quickd.prl
2026-05-13 11:57:58,055 - aqt.updater - INFO - updater 4612 Patching D:\a\moonlight-qt\Qt\6.8.3\msvc2022_64\lib\Qt6QuickDialogs2.prl
2026-05-13 11:57:58,057 - aqt.updater - INFO - updater 4612 Patching D:\a\moonlight-qt\Qt\6.8.3\msvc2022_64\lib\Qt6QuickDialogs2d.prl
2026-05-13 11:57:58,057 - aqt.updater - INFO - updater 4612 Patching D:\a\moonlight-qt\Qt\6.8.3\msvc2022_64\lib\Qt6QuickDialogs2QuickImpl.prl
2026-05-13 11:57:58,057 - aqt.updater - INFO - updater 4612 Patching D:\a\moonlight-qt\Qt\6.8.3\msvc2022_64\lib\Qt6QuickDialogs2QuickImpld.prl
2026-05-13 11:57:58,057 - aqt.updater - INFO - updater 4612 Patching D:\a\moonlight-qt\Qt\6.8.3\msvc2022_64\lib\Qt6QuickDialogs2Utils.prl
2026-05-13 11:57:58,057 - aqt.updater - INFO - updater 4612 Patching D:\a\moonlight-qt\Qt\6.8.3\msvc2022_64\lib\Qt6QuickDialogs2Utilsd.prl
2026-05-13 11:57:58,059 - aqt.updater - INFO - updater 4612 Patching D:\a\moonlight-qt\Qt\6.8.3\msvc2022_64\lib\Qt6QuickEffects.prl
2026-05-13 11:57:58,059 - aqt.updater - INFO - updater 4612 Patching D:\a\moonlight-qt\Qt\6.8.3\msvc2022_64\lib\Qt6QuickEffectsd.prl
2026-05-13 11:57:58,059 - aqt.updater - INFO - updater 4612 Patching D:\a\moonlight-qt\Qt\6.8.3\msvc2022_64\lib\Qt6QuickLayouts.prl
2026-05-13 11:57:58,059 - aqt.updater - INFO - updater 4612 Patching D:\a\moonlight-qt\Qt\6.8.3\msvc2022_64\lib\Qt6QuickLayoutsd.prl
2026-05-13 11:57:58,061 - aqt.updater - INFO - updater 4612 Patching D:\a\moonlight-qt\Qt\6.8.3\msvc2022_64\lib\Qt6QuickParticles.prl
2026-05-13 11:57:58,061 - aqt.updater - INFO - updater 4612 Patching D:\a\moonlight-qt\Qt\6.8.3\msvc2022_64\lib\Qt6QuickParticlesd.prl
2026-05-13 11:57:58,061 - aqt.updater - INFO - updater 4612 Patching D:\a\moonlight-qt\Qt\6.8.3\msvc2022_64\lib\Qt6QuickShapes.prl
2026-05-13 11:57:58,061 - aqt.updater - INFO - updater 4612 Patching D:\a\moonlight-qt\Qt\6.8.3\msvc2022_64\lib\Qt6QuickShapesd.prl
2026-05-13 11:57:58,061 - aqt.updater - INFO - updater 4612 Patching D:\a\moonlight-qt\Qt\6.8.3\msvc2022_64\lib\Qt6QuickTemplates2.prl
2026-05-13 11:57:58,063 - aqt.updater - INFO - updater 4612 Patching D:\a\moonlight-qt\Qt\6.8.3\msvc2022_64\lib\Qt6QuickTemplates2d.prl
2026-05-13 11:57:58,063 - aqt.updater - INFO - updater 4612 Patching D:\a\moonlight-qt\Qt\6.8.3\msvc2022_64\lib\Qt6QuickTest.prl
2026-05-13 11:57:58,063 - aqt.updater - INFO - updater 4612 Patching D:\a\moonlight-qt\Qt\6.8.3\msvc2022_64\lib\Qt6QuickTestd.prl
2026-05-13 11:57:58,063 - aqt.updater - INFO - updater 4612 Patching D:\a\moonlight-qt\Qt\6.8.3\msvc2022_64\lib\Qt6QuickTestUtils.prl
2026-05-13 11:57:58,065 - aqt.updater - INFO - updater 4612 Patching D:\a\moonlight-qt\Qt\6.8.3\msvc2022_64\lib\Qt6QuickTestUtilsd.prl
2026-05-13 11:57:58,065 - aqt.updater - INFO - updater 4612 Patching D:\a\moonlight-qt\Qt\6.8.3\msvc2022_64\lib\Qt6QuickVectorImage.prl
2026-05-13 11:57:58,065 - aqt.updater - INFO - updater 4612 Patching D:\a\moonlight-qt\Qt\6.8.3\msvc2022_64\lib\Qt6QuickVectorImaged.prl
2026-05-13 11:57:58,065 - aqt.updater - INFO - updater 4612 Patching D:\a\moonlight-qt\Qt\6.8.3\msvc2022_64\lib\Qt6QuickVectorImageGenerator.prl
2026-05-13 11:57:58,067 - aqt.updater - INFO - updater 4612 Patching D:\a\moonlight-qt\Qt\6.8.3\msvc2022_64\lib\Qt6QuickVectorImageGeneratord.prl
2026-05-13 11:57:58,067 - aqt.updater - INFO - updater 4612 Patching D:\a\moonlight-qt\Qt\6.8.3\msvc2022_64\lib\Qt6QuickWidgets.prl
2026-05-13 11:57:58,067 - aqt.updater - INFO - updater 4612 Patching D:\a\moonlight-qt\Qt\6.8.3\msvc2022_64\lib\Qt6QuickWidgetsd.prl
2026-05-13 11:57:58,067 - aqt.updater - INFO - updater 4612 Patching D:\a\moonlight-qt\Qt\6.8.3\msvc2022_64\lib\Qt6SpatialAudio.prl
2026-05-13 11:57:58,067 - aqt.updater - INFO - updater 4612 Patching D:\a\moonlight-qt\Qt\6.8.3\msvc2022_64\lib\Qt6SpatialAudiod.prl
2026-05-13 11:57:58,069 - aqt.updater - INFO - updater 4612 Patching D:\a\moonlight-qt\Qt\6.8.3\msvc2022_64\lib\Qt6Sql.prl
2026-05-13 11:57:58,069 - aqt.updater - INFO - updater 4612 Patching D:\a\moonlight-qt\Qt\6.8.3\msvc2022_64\lib\Qt6Sqld.prl
2026-05-13 11:57:58,069 - aqt.updater - INFO - updater 4612 Patching D:\a\moonlight-qt\Qt\6.8.3\msvc2022_64\lib\Qt6Svg.prl
2026-05-13 11:57:58,069 - aqt.updater - INFO - updater 4612 Patching D:\a\moonlight-qt\Qt\6.8.3\msvc2022_64\lib\Qt6Svgd.prl
2026-05-13 11:57:58,073 - aqt.updater - INFO - updater 4612 Patching D:\a\moonlight-qt\Qt\6.8.3\msvc2022_64\lib\Qt6SvgWidgets.prl
2026-05-13 11:57:58,073 - aqt.updater - INFO - updater 4612 Patching D:\a\moonlight-qt\Qt\6.8.3\msvc2022_64\lib\Qt6SvgWidgetsd.prl
2026-05-13 11:57:58,075 - aqt.updater - INFO - updater 4612 Patching D:\a\moonlight-qt\Qt\6.8.3\msvc2022_64\lib\Qt6Test.prl
2026-05-13 11:57:58,075 - aqt.updater - INFO - updater 4612 Patching D:\a\moonlight-qt\Qt\6.8.3\msvc2022_64\lib\Qt6Testd.prl
2026-05-13 11:57:58,075 - aqt.updater - INFO - updater 4612 Patching D:\a\moonlight-qt\Qt\6.8.3\msvc2022_64\lib\Qt6UiTools.prl
2026-05-13 11:57:58,077 - aqt.updater - INFO - updater 4612 Patching D:\a\moonlight-qt\Qt\6.8.3\msvc2022_64\lib\Qt6UiToolsd.prl
2026-05-13 11:57:58,079 - aqt.updater - INFO - updater 4612 Patching D:\a\moonlight-qt\Qt\6.8.3\msvc2022_64\lib\Qt6Widgets.prl
2026-05-13 11:57:58,081 - aqt.updater - INFO - updater 4612 Patching D:\a\moonlight-qt\Qt\6.8.3\msvc2022_64\lib\Qt6Widgetsd.prl
2026-05-13 11:57:58,081 - aqt.updater - INFO - updater 4612 Patching D:\a\moonlight-qt\Qt\6.8.3\msvc2022_64\lib\Qt6Xml.prl
2026-05-13 11:57:58,081 - aqt.updater - INFO - updater 4612 Patching D:\a\moonlight-qt\Qt\6.8.3\msvc2022_64\lib\Qt6Xmld.prl
2026-05-13 11:57:58,081 - aqt.main - INFO - installer 4612 Finished installation
2026-05-13 11:57:58,083 - aqt.main - INFO - installer 4612 Time elapsed: 30.30030380 second
